mode: set
github.com/nicholaspcr/gde3/pkg/cli/gde3/script.go:19.47,21.25 2 0
github.com/nicholaspcr/gde3/pkg/cli/gde3/script.go:25.3,44.39 6 0
github.com/nicholaspcr/gde3/pkg/cli/gde3/script.go:21.25,23.4 1 0
github.com/nicholaspcr/gde3/pkg/cli/gde3/script.go:44.39,45.31 1 0
github.com/nicholaspcr/gde3/pkg/cli/gde3/script.go:45.31,46.43 1 0
github.com/nicholaspcr/gde3/pkg/cli/gde3/script.go:46.43,49.6 2 0
github.com/nicholaspcr/gde3/pkg/cli/gde3/script.go:50.10,52.5 1 0
github.com/nicholaspcr/gde3/pkg/problems/models/element.go:11.28,21.2 6 0
github.com/nicholaspcr/gde3/pkg/problems/models/element.go:27.35,29.22 2 0
github.com/nicholaspcr/gde3/pkg/problems/models/element.go:32.2,32.12 1 0
github.com/nicholaspcr/gde3/pkg/problems/models/element.go:29.22,31.3 1 0
github.com/nicholaspcr/gde3/pkg/variants/best_1.go:13.75,18.17 4 0
github.com/nicholaspcr/gde3/pkg/variants/best_1.go:22.3,26.30 4 0
github.com/nicholaspcr/gde3/pkg/variants/best_1.go:30.3,33.18 2 0
github.com/nicholaspcr/gde3/pkg/variants/best_1.go:18.17,20.4 1 0
github.com/nicholaspcr/gde3/pkg/variants/best_1.go:26.30,28.4 1 0
github.com/nicholaspcr/gde3/pkg/variants/rand_1.go:12.75,13.21 1 0
github.com/nicholaspcr/gde3/pkg/variants/rand_1.go:18.3,21.17 4 0
github.com/nicholaspcr/gde3/pkg/variants/rand_1.go:25.3,29.30 4 0
github.com/nicholaspcr/gde3/pkg/variants/rand_1.go:32.3,32.21 1 0
github.com/nicholaspcr/gde3/pkg/variants/rand_1.go:13.21,15.4 1 0
github.com/nicholaspcr/gde3/pkg/variants/rand_1.go:21.17,23.4 1 0
github.com/nicholaspcr/gde3/pkg/variants/rand_1.go:29.30,31.4 1 0
github.com/nicholaspcr/gde3/pkg/problems/many/dtlz/dtlz_3.go:12.40,13.20 1 0
github.com/nicholaspcr/gde3/pkg/problems/many/dtlz/dtlz_3.go:17.3,17.38 1 0
github.com/nicholaspcr/gde3/pkg/problems/many/dtlz/dtlz_3.go:26.3,29.26 3 0
github.com/nicholaspcr/gde3/pkg/problems/many/dtlz/dtlz_3.go:41.3,43.13 3 0
github.com/nicholaspcr/gde3/pkg/problems/many/dtlz/dtlz_3.go:13.20,15.4 1 0
github.com/nicholaspcr/gde3/pkg/problems/many/dtlz/dtlz_3.go:17.38,19.24 2 0
github.com/nicholaspcr/gde3/pkg/problems/many/dtlz/dtlz_3.go:22.4,23.26 2 0
github.com/nicholaspcr/gde3/pkg/problems/many/dtlz/dtlz_3.go:19.24,21.5 1 0
github.com/nicholaspcr/gde3/pkg/problems/many/dtlz/dtlz_3.go:29.26,31.33 2 0
github.com/nicholaspcr/gde3/pkg/problems/many/dtlz/dtlz_3.go:34.4,34.14 1 0
github.com/nicholaspcr/gde3/pkg/problems/many/dtlz/dtlz_3.go:37.4,37.18 1 0
github.com/nicholaspcr/gde3/pkg/problems/many/dtlz/dtlz_3.go:31.33,33.5 1 0
github.com/nicholaspcr/gde3/pkg/problems/many/dtlz/dtlz_3.go:34.14,36.5 1 0
github.com/nicholaspcr/gde3/pkg/problems/many/dtlz/dtlz_4.go:12.40,13.20 1 0
github.com/nicholaspcr/gde3/pkg/problems/many/dtlz/dtlz_4.go:16.3,18.38 3 0
github.com/nicholaspcr/gde3/pkg/problems/many/dtlz/dtlz_4.go:25.3,28.26 3 0
github.com/nicholaspcr/gde3/pkg/problems/many/dtlz/dtlz_4.go:40.3,43.13 3 0
github.com/nicholaspcr/gde3/pkg/problems/many/dtlz/dtlz_4.go:13.20,15.4 1 0
github.com/nicholaspcr/gde3/pkg/problems/many/dtlz/dtlz_4.go:18.38,20.24 2 0
github.com/nicholaspcr/gde3/pkg/problems/many/dtlz/dtlz_4.go:23.4,23.12 1 0
github.com/nicholaspcr/gde3/pkg/problems/many/dtlz/dtlz_4.go:20.24,22.5 1 0
github.com/nicholaspcr/gde3/pkg/problems/many/dtlz/dtlz_4.go:28.26,30.33 2 0
github.com/nicholaspcr/gde3/pkg/problems/many/dtlz/dtlz_4.go:33.4,33.14 1 0
github.com/nicholaspcr/gde3/pkg/problems/many/dtlz/dtlz_4.go:36.4,36.21 1 0
github.com/nicholaspcr/gde3/pkg/problems/many/dtlz/dtlz_4.go:30.33,32.5 1 0
github.com/nicholaspcr/gde3/pkg/problems/many/dtlz/dtlz_4.go:33.14,35.5 1 0
github.com/nicholaspcr/gde3/pkg/problems/many/wfg/wfg_4.go:8.40,16.30 6 0
github.com/nicholaspcr/gde3/pkg/problems/many/wfg/wfg_4.go:20.3,26.30 5 0
github.com/nicholaspcr/gde3/pkg/problems/many/wfg/wfg_4.go:30.3,35.13 5 0
github.com/nicholaspcr/gde3/pkg/problems/many/wfg/wfg_4.go:16.30,18.4 1 0
github.com/nicholaspcr/gde3/pkg/problems/many/wfg/wfg_4.go:26.30,28.4 1 0
github.com/nicholaspcr/gde3/pkg/problems/many/wfg/wfg_4.go:45.47,47.22 2 0
github.com/nicholaspcr/gde3/pkg/problems/many/wfg/wfg_4.go:50.2,50.12 1 0
github.com/nicholaspcr/gde3/pkg/problems/many/wfg/wfg_4.go:47.22,49.3 1 0
github.com/nicholaspcr/gde3/pkg/problems/many/wfg/wfg_4.go:54.47,61.25 5 0
github.com/nicholaspcr/gde3/pkg/problems/many/wfg/wfg_4.go:64.2,66.10 2 0
github.com/nicholaspcr/gde3/pkg/problems/many/wfg/wfg_4.go:61.25,63.3 1 0
github.com/nicholaspcr/gde3/cmd/filter/main.go:32.13,35.32 2 0
github.com/nicholaspcr/gde3/cmd/filter/main.go:35.32,36.36 1 0
github.com/nicholaspcr/gde3/cmd/filter/main.go:36.36,40.41 3 0
github.com/nicholaspcr/gde3/cmd/filter/main.go:59.4,59.14 1 0
github.com/nicholaspcr/gde3/cmd/filter/main.go:64.4,66.21 2 0
github.com/nicholaspcr/gde3/cmd/filter/main.go:70.4,78.17 3 0
github.com/nicholaspcr/gde3/cmd/filter/main.go:80.4,80.18 1 0
github.com/nicholaspcr/gde3/cmd/filter/main.go:84.4,90.28 5 0
github.com/nicholaspcr/gde3/cmd/filter/main.go:94.4,95.18 2 0
github.com/nicholaspcr/gde3/cmd/filter/main.go:98.4,102.25 3 0
github.com/nicholaspcr/gde3/cmd/filter/main.go:116.4,117.18 2 0
github.com/nicholaspcr/gde3/cmd/filter/main.go:120.4,120.18 1 0
github.com/nicholaspcr/gde3/cmd/filter/main.go:40.41,50.15 3 0
github.com/nicholaspcr/gde3/cmd/filter/main.go:50.15,52.19 2 0
github.com/nicholaspcr/gde3/cmd/filter/main.go:53.6,54.30 2 0
github.com/nicholaspcr/gde3/cmd/filter/main.go:52.19,52.31 1 0
github.com/nicholaspcr/gde3/cmd/filter/main.go:59.14,62.5 2 0
github.com/nicholaspcr/gde3/cmd/filter/main.go:66.21,68.5 1 0
github.com/nicholaspcr/gde3/cmd/filter/main.go:78.17,78.30 1 0
github.com/nicholaspcr/gde3/cmd/filter/main.go:80.18,82.5 1 0
github.com/nicholaspcr/gde3/cmd/filter/main.go:90.28,93.5 2 0
github.com/nicholaspcr/gde3/cmd/filter/main.go:95.18,97.5 1 0
github.com/nicholaspcr/gde3/cmd/filter/main.go:102.25,111.37 3 0
github.com/nicholaspcr/gde3/cmd/filter/main.go:114.5,114.41 1 0
github.com/nicholaspcr/gde3/cmd/filter/main.go:111.37,113.6 1 0
github.com/nicholaspcr/gde3/cmd/filter/main.go:117.18,119.5 1 0
github.com/nicholaspcr/gde3/cmd/filter/main.go:125.68,139.28 8 0
github.com/nicholaspcr/gde3/cmd/filter/main.go:154.2,155.22 2 0
github.com/nicholaspcr/gde3/cmd/filter/main.go:139.28,140.32 1 0
github.com/nicholaspcr/gde3/cmd/filter/main.go:140.32,144.33 3 0
github.com/nicholaspcr/gde3/cmd/filter/main.go:150.4,150.28 1 0
github.com/nicholaspcr/gde3/cmd/filter/main.go:144.33,148.5 3 0
github.com/nicholaspcr/gde3/pkg/problems/many/wfg/utils.go:11.46,13.38 2 0
github.com/nicholaspcr/gde3/pkg/problems/many/wfg/utils.go:16.2,16.10 1 0
github.com/nicholaspcr/gde3/pkg/problems/many/wfg/utils.go:13.38,15.3 1 0
github.com/nicholaspcr/gde3/pkg/problems/many/wfg/utils.go:19.29,21.25 2 0
github.com/nicholaspcr/gde3/pkg/problems/many/wfg/utils.go:24.2,24.10 1 0
github.com/nicholaspcr/gde3/pkg/problems/many/wfg/utils.go:21.25,23.3 1 0
github.com/nicholaspcr/gde3/pkg/problems/many/wfg/utils.go:27.38,30.33 3 0
github.com/nicholaspcr/gde3/pkg/problems/many/wfg/utils.go:33.2,34.10 2 0
github.com/nicholaspcr/gde3/pkg/problems/many/wfg/utils.go:30.33,32.3 1 0
github.com/nicholaspcr/gde3/pkg/problems/many/wfg/utils.go:37.46,44.30 2 0
github.com/nicholaspcr/gde3/pkg/problems/many/wfg/utils.go:47.2,47.10 1 0
github.com/nicholaspcr/gde3/pkg/problems/many/wfg/utils.go:44.30,46.3 1 0
github.com/nicholaspcr/gde3/pkg/problems/many/wfg/utils.go:56.40,58.31 2 0
github.com/nicholaspcr/gde3/pkg/problems/many/wfg/utils.go:61.2,61.29 1 0
github.com/nicholaspcr/gde3/pkg/problems/many/wfg/utils.go:64.2,64.10 1 0
github.com/nicholaspcr/gde3/pkg/problems/many/wfg/utils.go:58.31,60.3 1 0
github.com/nicholaspcr/gde3/pkg/problems/many/wfg/utils.go:61.29,63.3 1 0
github.com/nicholaspcr/gde3/pkg/problems/many/wfg/utils.go:72.61,74.2 1 0
github.com/nicholaspcr/gde3/pkg/problems/many/wfg/utils.go:76.66,81.2 4 0
github.com/nicholaspcr/gde3/pkg/problems/many/wfg/utils.go:83.68,88.2 4 0
github.com/nicholaspcr/gde3/pkg/problems/many/wfg/utils.go:90.60,93.2 2 0
github.com/nicholaspcr/gde3/pkg/problems/many/wfg/utils.go:95.58,97.2 1 0
github.com/nicholaspcr/gde3/pkg/problems/many/wfg/utils.go:99.73,103.2 3 0
github.com/nicholaspcr/gde3/pkg/problems/many/wfg/utils.go:105.74,110.2 4 0
github.com/nicholaspcr/gde3/pkg/problems/many/wfg/utils.go:116.56,119.20 3 0
github.com/nicholaspcr/gde3/pkg/problems/many/wfg/utils.go:123.2,123.49 1 0
github.com/nicholaspcr/gde3/pkg/problems/many/wfg/utils.go:119.20,122.3 2 0
github.com/nicholaspcr/gde3/pkg/problems/many/wfg/utils.go:126.59,128.22 2 0
github.com/nicholaspcr/gde3/pkg/problems/many/wfg/utils.go:131.2,132.29 2 0
github.com/nicholaspcr/gde3/pkg/problems/many/wfg/utils.go:128.22,130.3 1 0
github.com/nicholaspcr/gde3/pkg/problems/many/wfg/utils.go:135.53,141.19 4 0
github.com/nicholaspcr/gde3/pkg/problems/many/wfg/utils.go:148.2,150.36 2 0
github.com/nicholaspcr/gde3/pkg/problems/many/wfg/utils.go:141.19,143.28 2 0
github.com/nicholaspcr/gde3/pkg/problems/many/wfg/utils.go:143.28,145.4 1 0
github.com/nicholaspcr/gde3/pkg/problems/many/wfg/utils.go:157.49,160.12 3 0
github.com/nicholaspcr/gde3/pkg/problems/many/wfg/utils.go:172.2,172.28 1 0
github.com/nicholaspcr/gde3/pkg/problems/many/wfg/utils.go:160.12,161.27 1 0
github.com/nicholaspcr/gde3/pkg/problems/many/wfg/utils.go:161.27,163.4 1 0
github.com/nicholaspcr/gde3/pkg/problems/many/wfg/utils.go:164.8,164.28 1 0
github.com/nicholaspcr/gde3/pkg/problems/many/wfg/utils.go:164.28,165.37 1 0
github.com/nicholaspcr/gde3/pkg/problems/many/wfg/utils.go:168.3,168.44 1 0
github.com/nicholaspcr/gde3/pkg/problems/many/wfg/utils.go:165.37,167.4 1 0
github.com/nicholaspcr/gde3/pkg/problems/many/wfg/utils.go:169.8,171.3 1 0
github.com/nicholaspcr/gde3/pkg/problems/many/wfg/utils.go:175.48,178.12 3 0
github.com/nicholaspcr/gde3/pkg/problems/many/wfg/utils.go:190.2,190.28 1 0
github.com/nicholaspcr/gde3/pkg/problems/many/wfg/utils.go:178.12,179.27 1 0
github.com/nicholaspcr/gde3/pkg/problems/many/wfg/utils.go:179.27,181.4 1 0
github.com/nicholaspcr/gde3/pkg/problems/many/wfg/utils.go:182.8,182.28 1 0
github.com/nicholaspcr/gde3/pkg/problems/many/wfg/utils.go:182.28,183.31 1 0
github.com/nicholaspcr/gde3/pkg/problems/many/wfg/utils.go:186.3,186.48 1 0
github.com/nicholaspcr/gde3/pkg/problems/many/wfg/utils.go:183.31,185.4 1 0
github.com/nicholaspcr/gde3/pkg/problems/many/wfg/utils.go:187.8,189.3 1 0
github.com/nicholaspcr/gde3/pkg/problems/many/wfg/utils.go:193.48,196.12 3 0
github.com/nicholaspcr/gde3/pkg/problems/many/wfg/utils.go:210.2,210.28 1 0
github.com/nicholaspcr/gde3/pkg/problems/many/wfg/utils.go:196.12,198.23 1 0
github.com/nicholaspcr/gde3/pkg/problems/many/wfg/utils.go:198.23,200.4 1 0
github.com/nicholaspcr/gde3/pkg/problems/many/wfg/utils.go:201.8,201.28 1 0
github.com/nicholaspcr/gde3/pkg/problems/many/wfg/utils.go:201.28,203.31 1 0
github.com/nicholaspcr/gde3/pkg/problems/many/wfg/utils.go:206.3,206.24 1 0
github.com/nicholaspcr/gde3/pkg/problems/many/wfg/utils.go:203.31,205.4 1 0
github.com/nicholaspcr/gde3/pkg/problems/many/wfg/utils.go:207.8,209.3 1 0
github.com/nicholaspcr/gde3/pkg/problems/many/wfg/utils.go:213.48,217.2 3 0
github.com/nicholaspcr/gde3/pkg/problems/many/wfg/utils.go:219.61,222.2 2 0
github.com/nicholaspcr/gde3/pkg/problems/many/wfg/wfg_2.go:8.40,16.30 6 0
github.com/nicholaspcr/gde3/pkg/problems/many/wfg/wfg_2.go:20.3,28.32 7 0
github.com/nicholaspcr/gde3/pkg/problems/many/wfg/wfg_2.go:31.3,38.13 6 0
github.com/nicholaspcr/gde3/pkg/problems/many/wfg/wfg_2.go:16.30,18.4 1 0
github.com/nicholaspcr/gde3/pkg/problems/many/wfg/wfg_2.go:28.32,30.4 1 0
github.com/nicholaspcr/gde3/pkg/problems/many/wfg/wfg_2.go:48.47,56.23 6 0
github.com/nicholaspcr/gde3/pkg/problems/many/wfg/wfg_2.go:63.2,63.10 1 0
github.com/nicholaspcr/gde3/pkg/problems/many/wfg/wfg_2.go:56.23,62.3 4 0
github.com/nicholaspcr/gde3/pkg/problems/many/wfg/wfg_2.go:67.50,72.25 4 0
github.com/nicholaspcr/gde3/pkg/problems/many/wfg/wfg_2.go:75.2,77.10 2 0
github.com/nicholaspcr/gde3/pkg/problems/many/wfg/wfg_2.go:72.25,74.3 1 0
github.com/nicholaspcr/gde3/pkg/problems/many/wfg/wfg_6.go:6.40,14.30 6 0
github.com/nicholaspcr/gde3/pkg/problems/many/wfg/wfg_6.go:18.3,23.30 5 0
github.com/nicholaspcr/gde3/pkg/problems/many/wfg/wfg_6.go:27.3,32.13 5 0
github.com/nicholaspcr/gde3/pkg/problems/many/wfg/wfg_6.go:14.30,16.4 1 0
github.com/nicholaspcr/gde3/pkg/problems/many/wfg/wfg_6.go:23.30,25.4 1 0
github.com/nicholaspcr/gde3/pkg/problems/many/wfg/wfg_6.go:41.50,44.25 3 0
github.com/nicholaspcr/gde3/pkg/problems/many/wfg/wfg_6.go:47.2,48.12 2 0
github.com/nicholaspcr/gde3/pkg/problems/many/wfg/wfg_6.go:44.25,46.3 1 0
github.com/nicholaspcr/gde3/pkg/problems/many/wfg/wfg_9.go:8.40,16.30 6 0
github.com/nicholaspcr/gde3/pkg/problems/many/wfg/wfg_9.go:20.3,26.30 6 0
github.com/nicholaspcr/gde3/pkg/problems/many/wfg/wfg_9.go:30.3,35.13 5 0
github.com/nicholaspcr/gde3/pkg/problems/many/wfg/wfg_9.go:16.30,18.4 1 0
github.com/nicholaspcr/gde3/pkg/problems/many/wfg/wfg_9.go:26.30,28.4 1 0
github.com/nicholaspcr/gde3/pkg/problems/many/wfg/wfg_9.go:44.44,48.27 4 0
github.com/nicholaspcr/gde3/pkg/problems/many/wfg/wfg_9.go:52.2,52.12 1 0
github.com/nicholaspcr/gde3/pkg/problems/many/wfg/wfg_9.go:48.27,51.3 2 0
github.com/nicholaspcr/gde3/pkg/problems/many/wfg/wfg_9.go:55.47,60.25 4 0
github.com/nicholaspcr/gde3/pkg/problems/many/wfg/wfg_9.go:63.2,63.25 1 0
github.com/nicholaspcr/gde3/pkg/problems/many/wfg/wfg_9.go:67.2,71.12 4 0
github.com/nicholaspcr/gde3/pkg/problems/many/wfg/wfg_9.go:60.25,62.3 1 0
github.com/nicholaspcr/gde3/pkg/problems/many/wfg/wfg_9.go:63.25,65.3 1 0
github.com/nicholaspcr/gde3/pkg/problems/many/wfg/wfg_9.go:74.50,78.25 3 0
github.com/nicholaspcr/gde3/pkg/problems/many/wfg/wfg_9.go:81.2,83.12 2 0
github.com/nicholaspcr/gde3/pkg/problems/many/wfg/wfg_9.go:78.25,80.3 1 0
github.com/nicholaspcr/gde3/pkg/problems/multi/zdt_4.go:12.40,13.19 1 0
github.com/nicholaspcr/gde3/pkg/problems/multi/zdt_4.go:16.3,16.38 1 0
github.com/nicholaspcr/gde3/pkg/problems/multi/zdt_4.go:24.3,24.39 1 0
github.com/nicholaspcr/gde3/pkg/problems/multi/zdt_4.go:28.3,39.13 8 0
github.com/nicholaspcr/gde3/pkg/problems/multi/zdt_4.go:13.19,15.4 1 0
github.com/nicholaspcr/gde3/pkg/problems/multi/zdt_4.go:16.38,18.32 2 0
github.com/nicholaspcr/gde3/pkg/problems/multi/zdt_4.go:21.4,22.28 2 0
github.com/nicholaspcr/gde3/pkg/problems/multi/zdt_4.go:18.32,20.5 1 0
github.com/nicholaspcr/gde3/pkg/problems/multi/zdt_4.go:24.39,26.4 1 0
github.com/nicholaspcr/gde3/pkg/variants/best_2.go:13.75,19.17 4 0
github.com/nicholaspcr/gde3/pkg/variants/best_2.go:23.3,28.30 4 0
github.com/nicholaspcr/gde3/pkg/variants/best_2.go:32.3,35.18 2 0
github.com/nicholaspcr/gde3/pkg/variants/best_2.go:19.17,21.4 1 0
github.com/nicholaspcr/gde3/pkg/variants/best_2.go:28.30,30.4 1 0
github.com/nicholaspcr/gde3/pkg/mode/gde3.go:21.3,32.28 5 0
github.com/nicholaspcr/gde3/pkg/mode/gde3.go:44.2,55.29 7 0
github.com/nicholaspcr/gde3/pkg/mode/gde3.go:124.2,125.24 2 0
github.com/nicholaspcr/gde3/pkg/mode/gde3.go:32.28,36.42 3 0
github.com/nicholaspcr/gde3/pkg/mode/gde3.go:36.42,37.24 1 0
github.com/nicholaspcr/gde3/pkg/mode/gde3.go:37.24,39.5 1 0
github.com/nicholaspcr/gde3/pkg/mode/gde3.go:55.29,59.40 2 0
github.com/nicholaspcr/gde3/pkg/mode/gde3.go:107.3,114.32 4 0
github.com/nicholaspcr/gde3/pkg/mode/gde3.go:59.40,80.31 6 0
github.com/nicholaspcr/gde3/pkg/mode/gde3.go:95.4,100.17 4 0
github.com/nicholaspcr/gde3/pkg/mode/gde3.go:80.31,82.51 2 0
github.com/nicholaspcr/gde3/pkg/mode/gde3.go:86.5,86.35 1 0
github.com/nicholaspcr/gde3/pkg/mode/gde3.go:89.5,89.34 1 0
github.com/nicholaspcr/gde3/pkg/mode/gde3.go:92.5,92.36 1 0
github.com/nicholaspcr/gde3/pkg/mode/gde3.go:82.51,84.6 1 0
github.com/nicholaspcr/gde3/pkg/mode/gde3.go:86.35,88.6 1 0
github.com/nicholaspcr/gde3/pkg/mode/gde3.go:89.34,91.6 1 0
github.com/nicholaspcr/gde3/pkg/mode/gde3.go:100.17,102.5 1 0
github.com/nicholaspcr/gde3/pkg/mode/gde3.go:102.10,102.53 1 0
github.com/nicholaspcr/gde3/pkg/mode/gde3.go:102.53,104.5 1 0
github.com/nicholaspcr/gde3/pkg/mode/gde3.go:114.32,115.31 1 0
github.com/nicholaspcr/gde3/pkg/mode/gde3.go:115.31,116.25 1 0
github.com/nicholaspcr/gde3/pkg/mode/gde3.go:116.25,118.6 1 0
github.com/nicholaspcr/gde3/pkg/problems/many/dtlz/dtlz_2.go:12.40,13.20 1 0
github.com/nicholaspcr/gde3/pkg/problems/many/dtlz/dtlz_2.go:17.3,19.38 3 0
github.com/nicholaspcr/gde3/pkg/problems/many/dtlz/dtlz_2.go:26.3,29.26 3 0
github.com/nicholaspcr/gde3/pkg/problems/many/dtlz/dtlz_2.go:41.3,44.13 3 0
github.com/nicholaspcr/gde3/pkg/problems/many/dtlz/dtlz_2.go:13.20,15.4 1 0
github.com/nicholaspcr/gde3/pkg/problems/many/dtlz/dtlz_2.go:19.38,21.24 2 0
github.com/nicholaspcr/gde3/pkg/problems/many/dtlz/dtlz_2.go:24.4,24.12 1 0
github.com/nicholaspcr/gde3/pkg/problems/many/dtlz/dtlz_2.go:21.24,23.5 1 0
github.com/nicholaspcr/gde3/pkg/problems/many/dtlz/dtlz_2.go:29.26,31.33 2 0
github.com/nicholaspcr/gde3/pkg/problems/many/dtlz/dtlz_2.go:34.4,34.14 1 0
github.com/nicholaspcr/gde3/pkg/problems/many/dtlz/dtlz_2.go:37.4,37.21 1 0
github.com/nicholaspcr/gde3/pkg/problems/many/dtlz/dtlz_2.go:31.33,33.5 1 0
github.com/nicholaspcr/gde3/pkg/problems/many/dtlz/dtlz_2.go:34.14,36.5 1 0
github.com/nicholaspcr/gde3/pkg/problems/multi/zdt_2.go:12.40,13.19 1 0
github.com/nicholaspcr/gde3/pkg/problems/multi/zdt_2.go:16.3,16.38 1 0
github.com/nicholaspcr/gde3/pkg/problems/multi/zdt_2.go:25.3,25.39 1 0
github.com/nicholaspcr/gde3/pkg/problems/multi/zdt_2.go:28.3,39.13 8 0
github.com/nicholaspcr/gde3/pkg/problems/multi/zdt_2.go:13.19,15.4 1 0
github.com/nicholaspcr/gde3/pkg/problems/multi/zdt_2.go:16.38,18.32 2 0
github.com/nicholaspcr/gde3/pkg/problems/multi/zdt_2.go:21.4,23.27 2 0
github.com/nicholaspcr/gde3/pkg/problems/multi/zdt_2.go:18.32,20.5 1 0
github.com/nicholaspcr/gde3/pkg/problems/multi/zdt_2.go:25.39,27.4 1 0
github.com/nicholaspcr/gde3/pkg/mode/multiExec.go:25.3,29.29 3 0
github.com/nicholaspcr/gde3/pkg/mode/multiExec.go:33.2,44.36 5 0
github.com/nicholaspcr/gde3/pkg/mode/multiExec.go:75.2,77.12 2 0
github.com/nicholaspcr/gde3/pkg/mode/multiExec.go:83.2,87.28 4 0
github.com/nicholaspcr/gde3/pkg/mode/multiExec.go:103.2,104.29 2 0
github.com/nicholaspcr/gde3/pkg/mode/multiExec.go:107.2,111.16 3 0
github.com/nicholaspcr/gde3/pkg/mode/multiExec.go:116.2,123.31 6 0
github.com/nicholaspcr/gde3/pkg/mode/multiExec.go:130.2,131.22 2 0
github.com/nicholaspcr/gde3/pkg/mode/multiExec.go:29.29,31.3 1 0
github.com/nicholaspcr/gde3/pkg/mode/multiExec.go:44.36,55.13 7 0
github.com/nicholaspcr/gde3/pkg/mode/multiExec.go:55.13,59.17 2 0
github.com/nicholaspcr/gde3/pkg/mode/multiExec.go:61.4,61.17 1 0
github.com/nicholaspcr/gde3/pkg/mode/multiExec.go:63.4,71.5 1 0
github.com/nicholaspcr/gde3/pkg/mode/multiExec.go:59.17,59.29 1 0
github.com/nicholaspcr/gde3/pkg/mode/multiExec.go:61.17,61.30 1 0
github.com/nicholaspcr/gde3/pkg/mode/multiExec.go:77.12,81.3 3 0
github.com/nicholaspcr/gde3/pkg/mode/multiExec.go:87.28,97.31 5 0
github.com/nicholaspcr/gde3/pkg/mode/multiExec.go:97.31,99.4 1 0
github.com/nicholaspcr/gde3/pkg/mode/multiExec.go:104.29,106.3 1 0
github.com/nicholaspcr/gde3/pkg/mode/multiExec.go:111.16,113.3 1 0
github.com/nicholaspcr/gde3/pkg/mode/multiExec.go:123.31,124.27 1 0
github.com/nicholaspcr/gde3/pkg/mode/multiExec.go:124.27,125.24 1 0
github.com/nicholaspcr/gde3/pkg/mode/multiExec.go:125.24,127.5 1 0
github.com/nicholaspcr/gde3/pkg/mode/utils.go:18.58,21.28 3 0
github.com/nicholaspcr/gde3/pkg/mode/utils.go:28.2,28.12 1 0
github.com/nicholaspcr/gde3/pkg/mode/utils.go:21.28,24.30 2 0
github.com/nicholaspcr/gde3/pkg/mode/utils.go:24.30,26.4 1 0
github.com/nicholaspcr/gde3/pkg/mode/utils.go:32.26,33.14 1 0
github.com/nicholaspcr/gde3/pkg/mode/utils.go:33.14,35.3 1 0
github.com/nicholaspcr/gde3/pkg/mode/utils.go:42.38,50.26 4 0
github.com/nicholaspcr/gde3/pkg/mode/utils.go:54.2,54.19 1 0
github.com/nicholaspcr/gde3/pkg/mode/utils.go:59.2,59.34 1 0
github.com/nicholaspcr/gde3/pkg/mode/utils.go:72.2,74.20 3 0
github.com/nicholaspcr/gde3/pkg/mode/utils.go:50.26,52.3 1 0
github.com/nicholaspcr/gde3/pkg/mode/utils.go:54.19,57.3 2 0
github.com/nicholaspcr/gde3/pkg/mode/utils.go:59.34,61.50 2 0
github.com/nicholaspcr/gde3/pkg/mode/utils.go:65.3,66.23 2 0
github.com/nicholaspcr/gde3/pkg/mode/utils.go:61.50,63.4 1 0
github.com/nicholaspcr/gde3/pkg/mode/utils.go:66.23,68.9 2 0
github.com/nicholaspcr/gde3/pkg/mode/utils.go:78.77,93.34 5 0
github.com/nicholaspcr/gde3/pkg/mode/utils.go:118.2,118.38 1 0
github.com/nicholaspcr/gde3/pkg/mode/utils.go:160.2,161.35 2 0
github.com/nicholaspcr/gde3/pkg/mode/utils.go:170.2,170.22 1 0
github.com/nicholaspcr/gde3/pkg/mode/utils.go:93.34,97.35 3 0
github.com/nicholaspcr/gde3/pkg/mode/utils.go:111.3,111.28 1 0
github.com/nicholaspcr/gde3/pkg/mode/utils.go:97.35,100.33 2 0
github.com/nicholaspcr/gde3/pkg/mode/utils.go:100.33,105.5 1 0
github.com/nicholaspcr/gde3/pkg/mode/utils.go:105.10,105.39 1 0
github.com/nicholaspcr/gde3/pkg/mode/utils.go:105.39,109.5 1 0
github.com/nicholaspcr/gde3/pkg/mode/utils.go:111.28,114.4 1 0
github.com/nicholaspcr/gde3/pkg/mode/utils.go:118.38,123.31 2 0
github.com/nicholaspcr/gde3/pkg/mode/utils.go:137.3,137.37 1 0
github.com/nicholaspcr/gde3/pkg/mode/utils.go:123.31,126.38 1 0
github.com/nicholaspcr/gde3/pkg/mode/utils.go:126.38,130.30 2 0
github.com/nicholaspcr/gde3/pkg/mode/utils.go:130.30,132.6 1 0
github.com/nicholaspcr/gde3/pkg/mode/utils.go:161.35,162.28 1 0
github.com/nicholaspcr/gde3/pkg/mode/utils.go:162.28,167.4 1 0
github.com/nicholaspcr/gde3/pkg/mode/utils.go:178.40,180.19 2 0
github.com/nicholaspcr/gde3/pkg/mode/utils.go:194.2,194.15 1 0
github.com/nicholaspcr/gde3/pkg/mode/utils.go:180.19,181.18 1 0
github.com/nicholaspcr/gde3/pkg/mode/utils.go:187.3,187.18 1 0
github.com/nicholaspcr/gde3/pkg/mode/utils.go:181.18,182.20 1 0
github.com/nicholaspcr/gde3/pkg/mode/utils.go:185.4,185.14 1 0
github.com/nicholaspcr/gde3/pkg/mode/utils.go:182.20,184.5 1 0
github.com/nicholaspcr/gde3/pkg/mode/utils.go:187.18,188.19 1 0
github.com/nicholaspcr/gde3/pkg/mode/utils.go:191.4,191.15 1 0
github.com/nicholaspcr/gde3/pkg/mode/utils.go:188.19,190.5 1 0
github.com/nicholaspcr/gde3/pkg/mode/utils.go:198.80,202.34 3 0
github.com/nicholaspcr/gde3/pkg/mode/utils.go:220.2,220.32 1 0
github.com/nicholaspcr/gde3/pkg/mode/utils.go:202.34,204.35 2 0
github.com/nicholaspcr/gde3/pkg/mode/utils.go:213.3,213.19 1 0
github.com/nicholaspcr/gde3/pkg/mode/utils.go:204.35,205.14 1 0
github.com/nicholaspcr/gde3/pkg/mode/utils.go:209.4,209.56 1 0
github.com/nicholaspcr/gde3/pkg/mode/utils.go:205.14,206.13 1 0
github.com/nicholaspcr/gde3/pkg/mode/utils.go:209.56,211.5 1 0
github.com/nicholaspcr/gde3/pkg/mode/utils.go:213.19,215.4 1 0
github.com/nicholaspcr/gde3/pkg/mode/utils.go:215.9,217.4 1 0
github.com/nicholaspcr/gde3/pkg/mode/utils.go:224.47,225.21 1 0
github.com/nicholaspcr/gde3/pkg/mode/utils.go:233.2,233.23 1 0
github.com/nicholaspcr/gde3/pkg/mode/utils.go:237.2,239.30 2 0
github.com/nicholaspcr/gde3/pkg/mode/utils.go:225.21,226.24 1 0
github.com/nicholaspcr/gde3/pkg/mode/utils.go:229.3,229.9 1 0
github.com/nicholaspcr/gde3/pkg/mode/utils.go:226.24,228.4 1 0
github.com/nicholaspcr/gde3/pkg/mode/utils.go:233.23,235.3 1 0
github.com/nicholaspcr/gde3/pkg/mode/utils.go:239.30,241.47 1 0
github.com/nicholaspcr/gde3/pkg/mode/utils.go:246.3,253.37 5 0
github.com/nicholaspcr/gde3/pkg/mode/utils.go:241.47,243.4 1 0
github.com/nicholaspcr/gde3/pkg/mode/utils.go:253.37,258.25 2 0
github.com/nicholaspcr/gde3/pkg/mode/utils.go:263.4,263.38 1 0
github.com/nicholaspcr/gde3/pkg/mode/utils.go:258.25,260.5 1 0
github.com/nicholaspcr/gde3/pkg/mode/utils.go:263.38,265.5 1 0
github.com/nicholaspcr/gde3/pkg/problems/many/wfg/wfg_1.go:8.40,16.30 6 0
github.com/nicholaspcr/gde3/pkg/problems/many/wfg/wfg_1.go:20.3,30.32 8 0
github.com/nicholaspcr/gde3/pkg/problems/many/wfg/wfg_1.go:33.3,42.13 6 0
github.com/nicholaspcr/gde3/pkg/problems/many/wfg/wfg_1.go:16.30,18.4 1 0
github.com/nicholaspcr/gde3/pkg/problems/many/wfg/wfg_1.go:30.32,32.4 1 0
github.com/nicholaspcr/gde3/pkg/problems/many/wfg/wfg_1.go:52.47,56.25 3 0
github.com/nicholaspcr/gde3/pkg/problems/many/wfg/wfg_1.go:59.2,59.10 1 0
github.com/nicholaspcr/gde3/pkg/problems/many/wfg/wfg_1.go:56.25,58.3 1 0
github.com/nicholaspcr/gde3/pkg/problems/many/wfg/wfg_1.go:63.47,67.25 3 0
github.com/nicholaspcr/gde3/pkg/problems/many/wfg/wfg_1.go:70.2,70.10 1 0
github.com/nicholaspcr/gde3/pkg/problems/many/wfg/wfg_1.go:67.25,69.3 1 0
github.com/nicholaspcr/gde3/pkg/problems/many/wfg/wfg_1.go:74.44,78.25 3 0
github.com/nicholaspcr/gde3/pkg/problems/many/wfg/wfg_1.go:82.2,82.10 1 0
github.com/nicholaspcr/gde3/pkg/problems/many/wfg/wfg_1.go:78.25,80.3 1 0
github.com/nicholaspcr/gde3/pkg/problems/many/wfg/wfg_1.go:85.50,93.25 6 0
github.com/nicholaspcr/gde3/pkg/problems/many/wfg/wfg_1.go:98.2,100.10 2 0
github.com/nicholaspcr/gde3/pkg/problems/many/wfg/wfg_1.go:93.25,97.3 3 0
github.com/nicholaspcr/gde3/pkg/problems/multi/zdt_6.go:12.40,13.19 1 0
github.com/nicholaspcr/gde3/pkg/problems/multi/zdt_6.go:16.3,16.36 1 0
github.com/nicholaspcr/gde3/pkg/problems/multi/zdt_6.go:22.3,22.38 1 0
github.com/nicholaspcr/gde3/pkg/problems/multi/zdt_6.go:32.3,32.39 1 0
github.com/nicholaspcr/gde3/pkg/problems/multi/zdt_6.go:35.3,47.13 9 0
github.com/nicholaspcr/gde3/pkg/problems/multi/zdt_6.go:13.19,15.4 1 0
github.com/nicholaspcr/gde3/pkg/problems/multi/zdt_6.go:16.36,21.4 4 0
github.com/nicholaspcr/gde3/pkg/problems/multi/zdt_6.go:22.38,24.32 2 0
github.com/nicholaspcr/gde3/pkg/problems/multi/zdt_6.go:27.4,30.12 4 0
github.com/nicholaspcr/gde3/pkg/problems/multi/zdt_6.go:24.32,26.5 1 0
github.com/nicholaspcr/gde3/pkg/problems/multi/zdt_6.go:32.39,34.4 1 0
github.com/nicholaspcr/gde3/pkg/cli/gde3/root.go:31.48,33.4 1 0
github.com/nicholaspcr/gde3/pkg/cli/gde3/root.go:37.13,51.2 3 1
github.com/nicholaspcr/gde3/pkg/cli/gde3/root.go:55.16,56.42 1 0
github.com/nicholaspcr/gde3/pkg/cli/gde3/root.go:56.42,59.3 2 0
github.com/nicholaspcr/gde3/pkg/cli/gde3/root.go:62.41,139.2 14 1
github.com/nicholaspcr/gde3/pkg/problems/many/wfg/wfg_3.go:8.40,16.30 6 0
github.com/nicholaspcr/gde3/pkg/problems/many/wfg/wfg_3.go:20.3,26.31 5 0
github.com/nicholaspcr/gde3/pkg/problems/many/wfg/wfg_3.go:29.3,32.30 3 0
github.com/nicholaspcr/gde3/pkg/problems/many/wfg/wfg_3.go:36.3,41.13 5 0
github.com/nicholaspcr/gde3/pkg/problems/many/wfg/wfg_3.go:16.30,18.4 1 0
github.com/nicholaspcr/gde3/pkg/problems/many/wfg/wfg_3.go:26.31,28.4 1 0
github.com/nicholaspcr/gde3/pkg/problems/many/wfg/wfg_3.go:32.30,34.4 1 0
github.com/nicholaspcr/gde3/pkg/problems/many/wfg/wfg_5.go:6.40,14.30 6 0
github.com/nicholaspcr/gde3/pkg/problems/many/wfg/wfg_5.go:18.3,23.30 5 0
github.com/nicholaspcr/gde3/pkg/problems/many/wfg/wfg_5.go:27.3,32.13 5 0
github.com/nicholaspcr/gde3/pkg/problems/many/wfg/wfg_5.go:14.30,16.4 1 0
github.com/nicholaspcr/gde3/pkg/problems/many/wfg/wfg_5.go:23.30,25.4 1 0
github.com/nicholaspcr/gde3/pkg/problems/many/wfg/wfg_5.go:42.37,45.22 2 0
github.com/nicholaspcr/gde3/pkg/problems/many/wfg/wfg_5.go:48.2,48.12 1 0
github.com/nicholaspcr/gde3/pkg/problems/many/wfg/wfg_5.go:45.22,47.3 1 0
github.com/nicholaspcr/gde3/pkg/problems/multi/zdt_1.go:12.40,13.19 1 0
github.com/nicholaspcr/gde3/pkg/problems/multi/zdt_1.go:16.3,16.38 1 0
github.com/nicholaspcr/gde3/pkg/problems/multi/zdt_1.go:25.3,25.39 1 0
github.com/nicholaspcr/gde3/pkg/problems/multi/zdt_1.go:28.3,31.28 3 0
github.com/nicholaspcr/gde3/pkg/problems/multi/zdt_1.go:35.3,43.13 6 0
github.com/nicholaspcr/gde3/pkg/problems/multi/zdt_1.go:13.19,15.4 1 0
github.com/nicholaspcr/gde3/pkg/problems/multi/zdt_1.go:16.38,18.32 2 0
github.com/nicholaspcr/gde3/pkg/problems/multi/zdt_1.go:21.4,23.27 2 0
github.com/nicholaspcr/gde3/pkg/problems/multi/zdt_1.go:18.32,20.5 1 0
github.com/nicholaspcr/gde3/pkg/problems/multi/zdt_1.go:25.39,27.4 1 0
github.com/nicholaspcr/gde3/pkg/problems/multi/zdt_1.go:31.28,33.4 1 0
github.com/nicholaspcr/gde3/pkg/problems/multi/zdt_3.go:12.40,13.19 1 0
github.com/nicholaspcr/gde3/pkg/problems/multi/zdt_3.go:16.3,16.38 1 0
github.com/nicholaspcr/gde3/pkg/problems/multi/zdt_3.go:25.3,25.39 1 0
github.com/nicholaspcr/gde3/pkg/problems/multi/zdt_3.go:28.3,30.20 3 0
github.com/nicholaspcr/gde3/pkg/problems/multi/zdt_3.go:33.3,41.13 6 0
github.com/nicholaspcr/gde3/pkg/problems/multi/zdt_3.go:13.19,15.4 1 0
github.com/nicholaspcr/gde3/pkg/problems/multi/zdt_3.go:16.38,18.32 2 0
github.com/nicholaspcr/gde3/pkg/problems/multi/zdt_3.go:21.4,23.27 2 0
github.com/nicholaspcr/gde3/pkg/problems/multi/zdt_3.go:18.32,20.5 1 0
github.com/nicholaspcr/gde3/pkg/problems/multi/zdt_3.go:25.39,27.4 1 0
github.com/nicholaspcr/gde3/pkg/problems/multi/zdt_3.go:30.20,32.4 1 0
github.com/nicholaspcr/gde3/pkg/cli/gde3/mode.go:28.47,31.25 3 0
github.com/nicholaspcr/gde3/pkg/cli/gde3/mode.go:35.3,35.25 1 0
github.com/nicholaspcr/gde3/pkg/cli/gde3/mode.go:39.3,52.23 2 0
github.com/nicholaspcr/gde3/pkg/cli/gde3/mode.go:65.3,76.23 7 0
github.com/nicholaspcr/gde3/pkg/cli/gde3/mode.go:31.25,34.4 2 0
github.com/nicholaspcr/gde3/pkg/cli/gde3/mode.go:35.25,38.4 2 0
github.com/nicholaspcr/gde3/pkg/cli/gde3/mode.go:52.23,54.18 2 0
github.com/nicholaspcr/gde3/pkg/cli/gde3/mode.go:57.4,58.54 2 0
github.com/nicholaspcr/gde3/pkg/cli/gde3/mode.go:61.4,61.32 1 0
github.com/nicholaspcr/gde3/pkg/cli/gde3/mode.go:54.18,56.5 1 0
github.com/nicholaspcr/gde3/pkg/cli/gde3/mode.go:58.54,60.5 1 0
github.com/nicholaspcr/gde3/pkg/cli/gde3/mode.go:76.23,78.18 2 0
github.com/nicholaspcr/gde3/pkg/cli/gde3/mode.go:81.4,83.55 3 0
github.com/nicholaspcr/gde3/pkg/cli/gde3/mode.go:78.18,80.5 1 0
github.com/nicholaspcr/gde3/pkg/cli/gde3/mode.go:83.55,85.5 1 0
github.com/nicholaspcr/gde3/cmd/gde3/main.go:22.13,24.2 1 0
github.com/nicholaspcr/gde3/pkg/problems/many/dtlz/dtlz_1.go:18.40,19.20 1 0
github.com/nicholaspcr/gde3/pkg/problems/many/dtlz/dtlz_1.go:23.3,23.38 1 0
github.com/nicholaspcr/gde3/pkg/problems/many/dtlz/dtlz_1.go:31.3,34.26 3 0
github.com/nicholaspcr/gde3/pkg/problems/many/dtlz/dtlz_1.go:46.3,49.13 3 0
github.com/nicholaspcr/gde3/pkg/problems/many/dtlz/dtlz_1.go:19.20,21.4 1 0
github.com/nicholaspcr/gde3/pkg/problems/many/dtlz/dtlz_1.go:23.38,25.24 2 0
github.com/nicholaspcr/gde3/pkg/problems/many/dtlz/dtlz_1.go:28.4,29.26 2 0
github.com/nicholaspcr/gde3/pkg/problems/many/dtlz/dtlz_1.go:25.24,27.5 1 0
github.com/nicholaspcr/gde3/pkg/problems/many/dtlz/dtlz_1.go:34.26,36.33 2 0
github.com/nicholaspcr/gde3/pkg/problems/many/dtlz/dtlz_1.go:39.4,39.14 1 0
github.com/nicholaspcr/gde3/pkg/problems/many/dtlz/dtlz_1.go:42.4,42.21 1 0
github.com/nicholaspcr/gde3/pkg/problems/many/dtlz/dtlz_1.go:36.33,38.5 1 0
github.com/nicholaspcr/gde3/pkg/problems/many/dtlz/dtlz_1.go:39.14,41.5 1 0
github.com/nicholaspcr/gde3/pkg/test/dtlz/main.go:13.13,19.29 5 0
github.com/nicholaspcr/gde3/pkg/test/dtlz/main.go:23.2,24.22 2 0
github.com/nicholaspcr/gde3/pkg/test/dtlz/main.go:27.2,38.19 11 0
github.com/nicholaspcr/gde3/pkg/test/dtlz/main.go:19.29,21.3 1 0
github.com/nicholaspcr/gde3/pkg/test/dtlz/main.go:24.22,26.3 1 0
github.com/nicholaspcr/gde3/pkg/test/dtlz/main.go:41.38,50.2 5 0
github.com/nicholaspcr/gde3/pkg/test/dtlz/main.go:51.38,60.2 5 0
github.com/nicholaspcr/gde3/pkg/test/dtlz/main.go:61.38,70.2 5 0
github.com/nicholaspcr/gde3/pkg/test/dtlz/main.go:71.38,80.2 5 0
github.com/nicholaspcr/gde3/pkg/test/dtlz/main.go:81.38,90.2 5 0
github.com/nicholaspcr/gde3/pkg/test/dtlz/main.go:91.38,100.2 5 0
github.com/nicholaspcr/gde3/pkg/test/dtlz/main.go:101.38,110.2 5 0
github.com/nicholaspcr/gde3/pkg/variants/curr_to_best_1.go:12.75,17.17 4 0
github.com/nicholaspcr/gde3/pkg/variants/curr_to_best_1.go:21.3,27.30 5 0
github.com/nicholaspcr/gde3/pkg/variants/curr_to_best_1.go:31.3,34.18 2 0
github.com/nicholaspcr/gde3/pkg/variants/curr_to_best_1.go:17.17,19.4 1 0
github.com/nicholaspcr/gde3/pkg/variants/curr_to_best_1.go:27.30,29.4 1 0
github.com/nicholaspcr/gde3/pkg/variants/rand_2.go:12.75,17.17 4 0
github.com/nicholaspcr/gde3/pkg/variants/rand_2.go:21.3,23.30 3 0
github.com/nicholaspcr/gde3/pkg/variants/rand_2.go:26.3,29.18 2 0
github.com/nicholaspcr/gde3/pkg/variants/rand_2.go:17.17,19.4 1 0
github.com/nicholaspcr/gde3/pkg/variants/rand_2.go:23.30,25.4 1 0
github.com/nicholaspcr/gde3/pkg/problems/many/dtlz/dtlz_5.go:12.40,13.20 1 0
github.com/nicholaspcr/gde3/pkg/problems/many/dtlz/dtlz_5.go:17.3,19.38 3 0
github.com/nicholaspcr/gde3/pkg/problems/many/dtlz/dtlz_5.go:26.3,32.28 6 0
github.com/nicholaspcr/gde3/pkg/problems/many/dtlz/dtlz_5.go:36.3,36.26 1 0
github.com/nicholaspcr/gde3/pkg/problems/many/dtlz/dtlz_5.go:48.3,51.13 3 0
github.com/nicholaspcr/gde3/pkg/problems/many/dtlz/dtlz_5.go:13.20,15.4 1 0
github.com/nicholaspcr/gde3/pkg/problems/many/dtlz/dtlz_5.go:19.38,21.24 2 0
github.com/nicholaspcr/gde3/pkg/problems/many/dtlz/dtlz_5.go:24.4,24.12 1 0
github.com/nicholaspcr/gde3/pkg/problems/many/dtlz/dtlz_5.go:21.24,23.5 1 0
github.com/nicholaspcr/gde3/pkg/problems/many/dtlz/dtlz_5.go:32.28,34.4 1 0
github.com/nicholaspcr/gde3/pkg/problems/many/dtlz/dtlz_5.go:36.26,38.33 2 0
github.com/nicholaspcr/gde3/pkg/problems/many/dtlz/dtlz_5.go:41.4,41.14 1 0
github.com/nicholaspcr/gde3/pkg/problems/many/dtlz/dtlz_5.go:44.4,44.21 1 0
github.com/nicholaspcr/gde3/pkg/problems/many/dtlz/dtlz_5.go:38.33,40.5 1 0
github.com/nicholaspcr/gde3/pkg/problems/many/dtlz/dtlz_5.go:41.14,43.5 1 0
github.com/nicholaspcr/gde3/pkg/problems/many/dtlz/dtlz_7.go:12.40,13.20 1 0
github.com/nicholaspcr/gde3/pkg/problems/many/dtlz/dtlz_7.go:16.3,21.35 4 0
github.com/nicholaspcr/gde3/pkg/problems/many/dtlz/dtlz_7.go:24.3,28.31 3 0
github.com/nicholaspcr/gde3/pkg/problems/many/dtlz/dtlz_7.go:31.3,35.23 3 0
github.com/nicholaspcr/gde3/pkg/problems/many/dtlz/dtlz_7.go:38.3,43.13 4 0
github.com/nicholaspcr/gde3/pkg/problems/many/dtlz/dtlz_7.go:13.20,15.4 1 0
github.com/nicholaspcr/gde3/pkg/problems/many/dtlz/dtlz_7.go:21.35,23.4 1 0
github.com/nicholaspcr/gde3/pkg/problems/many/dtlz/dtlz_7.go:28.31,30.4 1 0
github.com/nicholaspcr/gde3/pkg/problems/many/dtlz/dtlz_7.go:35.23,37.4 1 0
github.com/nicholaspcr/gde3/pkg/writer/writer.go:30.37,34.2 1 1
github.com/nicholaspcr/gde3/pkg/writer/writer.go:37.47,39.33 2 0
github.com/nicholaspcr/gde3/pkg/writer/writer.go:39.33,41.54 2 0
github.com/nicholaspcr/gde3/pkg/writer/writer.go:41.54,43.18 2 0
github.com/nicholaspcr/gde3/pkg/writer/writer.go:43.18,46.5 2 0
github.com/nicholaspcr/gde3/pkg/writer/writer.go:52.44,55.26 3 1
github.com/nicholaspcr/gde3/pkg/writer/writer.go:59.2,60.16 2 1
github.com/nicholaspcr/gde3/pkg/writer/writer.go:63.2,64.12 2 1
github.com/nicholaspcr/gde3/pkg/writer/writer.go:55.26,58.3 2 1
github.com/nicholaspcr/gde3/pkg/writer/writer.go:60.16,62.3 1 0
github.com/nicholaspcr/gde3/pkg/writer/writer.go:67.39,71.18 3 1
github.com/nicholaspcr/gde3/pkg/writer/writer.go:75.2,75.47 1 1
github.com/nicholaspcr/gde3/pkg/writer/writer.go:84.2,84.20 1 1
github.com/nicholaspcr/gde3/pkg/writer/writer.go:71.18,74.3 2 1
github.com/nicholaspcr/gde3/pkg/writer/writer.go:75.47,77.15 2 1
github.com/nicholaspcr/gde3/pkg/writer/writer.go:77.15,80.4 2 1
github.com/nicholaspcr/gde3/pkg/writer/writer.go:80.9,82.4 1 1
github.com/nicholaspcr/gde3/pkg/writer/writer.go:88.60,89.21 1 1
github.com/nicholaspcr/gde3/pkg/writer/writer.go:94.2,97.28 3 1
github.com/nicholaspcr/gde3/pkg/writer/writer.go:107.2,108.16 2 1
github.com/nicholaspcr/gde3/pkg/writer/writer.go:112.2,113.12 2 1
github.com/nicholaspcr/gde3/pkg/writer/writer.go:89.21,91.3 1 1
github.com/nicholaspcr/gde3/pkg/writer/writer.go:97.28,102.29 3 1
github.com/nicholaspcr/gde3/pkg/writer/writer.go:102.29,104.4 1 1
github.com/nicholaspcr/gde3/pkg/writer/writer.go:108.16,110.3 1 0
github.com/nicholaspcr/gde3/pkg/writer/writer.go:116.63,117.21 1 1
github.com/nicholaspcr/gde3/pkg/writer/writer.go:122.2,125.28 3 1
github.com/nicholaspcr/gde3/pkg/writer/writer.go:135.2,136.16 2 1
github.com/nicholaspcr/gde3/pkg/writer/writer.go:140.2,141.12 2 1
github.com/nicholaspcr/gde3/pkg/writer/writer.go:117.21,119.3 1 1
github.com/nicholaspcr/gde3/pkg/writer/writer.go:125.28,130.28 3 1
github.com/nicholaspcr/gde3/pkg/writer/writer.go:130.28,132.4 1 1
github.com/nicholaspcr/gde3/pkg/writer/writer.go:136.16,138.3 1 0
github.com/nicholaspcr/gde3/pkg/test/wfg/main.go:13.13,20.29 5 0
github.com/nicholaspcr/gde3/pkg/test/wfg/main.go:24.2,25.22 2 0
github.com/nicholaspcr/gde3/pkg/test/wfg/main.go:28.2,37.18 5 0
github.com/nicholaspcr/gde3/pkg/test/wfg/main.go:20.29,22.3 1 0
github.com/nicholaspcr/gde3/pkg/test/wfg/main.go:25.22,27.3 1 0
github.com/nicholaspcr/gde3/pkg/test/wfg/main.go:61.37,70.2 5 0
github.com/nicholaspcr/gde3/pkg/test/wfg/main.go:71.37,80.2 5 0
github.com/nicholaspcr/gde3/pkg/test/wfg/main.go:81.37,90.2 5 0
github.com/nicholaspcr/gde3/pkg/test/wfg/main.go:91.37,100.2 5 0
github.com/nicholaspcr/gde3/pkg/test/wfg/main.go:101.37,110.2 5 0
github.com/nicholaspcr/gde3/pkg/test/wfg/main.go:111.37,120.2 5 0
github.com/nicholaspcr/gde3/pkg/test/wfg/main.go:121.37,130.2 5 0
github.com/nicholaspcr/gde3/pkg/test/wfg/main.go:131.37,140.2 5 0
github.com/nicholaspcr/gde3/pkg/test/wfg/main.go:141.37,150.2 5 0
github.com/nicholaspcr/gde3/pkg/variants/pbest.go:13.75,18.17 4 0
github.com/nicholaspcr/gde3/pkg/variants/pbest.go:22.3,31.30 7 0
github.com/nicholaspcr/gde3/pkg/variants/pbest.go:35.3,38.18 2 0
github.com/nicholaspcr/gde3/pkg/variants/pbest.go:18.17,20.4 1 0
github.com/nicholaspcr/gde3/pkg/variants/pbest.go:31.30,33.4 1 0
github.com/nicholaspcr/gde3/pkg/variants/utils.go:10.55,11.17 1 0
github.com/nicholaspcr/gde3/pkg/variants/utils.go:14.2,14.37 1 0
github.com/nicholaspcr/gde3/pkg/variants/utils.go:23.2,23.12 1 0
github.com/nicholaspcr/gde3/pkg/variants/utils.go:11.17,13.3 1 0
github.com/nicholaspcr/gde3/pkg/variants/utils.go:14.37,15.29 1 0
github.com/nicholaspcr/gde3/pkg/variants/utils.go:15.29,18.27 3 0
github.com/nicholaspcr/gde3/pkg/variants/utils.go:18.27,20.5 1 0
github.com/nicholaspcr/gde3/pkg/variants/utils.go:27.46,37.29 3 0
github.com/nicholaspcr/gde3/pkg/variants/utils.go:42.2,42.20 1 0
github.com/nicholaspcr/gde3/pkg/variants/utils.go:37.29,38.16 1 0
github.com/nicholaspcr/gde3/pkg/variants/utils.go:38.16,40.4 1 0
github.com/nicholaspcr/gde3/pkg/variants/utils.go:46.35,56.2 2 0
github.com/nicholaspcr/gde3/pkg/variants/utils.go:59.37,66.2 1 0
github.com/nicholaspcr/gde3/pkg/problems/many/dtlz/dtlz_6.go:12.40,13.20 1 0
github.com/nicholaspcr/gde3/pkg/problems/many/dtlz/dtlz_6.go:17.3,17.38 1 0
github.com/nicholaspcr/gde3/pkg/problems/many/dtlz/dtlz_6.go:24.3,31.28 6 0
github.com/nicholaspcr/gde3/pkg/problems/many/dtlz/dtlz_6.go:35.3,35.26 1 0
github.com/nicholaspcr/gde3/pkg/problems/many/dtlz/dtlz_6.go:49.3,51.13 3 0
github.com/nicholaspcr/gde3/pkg/problems/many/dtlz/dtlz_6.go:13.20,15.4 1 0
github.com/nicholaspcr/gde3/pkg/problems/many/dtlz/dtlz_6.go:17.38,19.24 2 0
github.com/nicholaspcr/gde3/pkg/problems/many/dtlz/dtlz_6.go:22.4,22.12 1 0
github.com/nicholaspcr/gde3/pkg/problems/many/dtlz/dtlz_6.go:19.24,21.5 1 0
github.com/nicholaspcr/gde3/pkg/problems/many/dtlz/dtlz_6.go:31.28,33.4 1 0
github.com/nicholaspcr/gde3/pkg/problems/many/dtlz/dtlz_6.go:35.26,37.33 2 0
github.com/nicholaspcr/gde3/pkg/problems/many/dtlz/dtlz_6.go:40.4,40.14 1 0
github.com/nicholaspcr/gde3/pkg/problems/many/dtlz/dtlz_6.go:45.4,45.18 1 0
github.com/nicholaspcr/gde3/pkg/problems/many/dtlz/dtlz_6.go:37.33,39.5 1 0
github.com/nicholaspcr/gde3/pkg/problems/many/dtlz/dtlz_6.go:40.14,43.5 2 0
github.com/nicholaspcr/gde3/pkg/problems/many/wfg/wfg_7.go:6.40,14.30 6 0
github.com/nicholaspcr/gde3/pkg/problems/many/wfg/wfg_7.go:18.3,24.30 6 0
github.com/nicholaspcr/gde3/pkg/problems/many/wfg/wfg_7.go:28.3,33.13 5 0
github.com/nicholaspcr/gde3/pkg/problems/many/wfg/wfg_7.go:14.30,16.4 1 0
github.com/nicholaspcr/gde3/pkg/problems/many/wfg/wfg_7.go:24.30,26.4 1 0
github.com/nicholaspcr/gde3/pkg/problems/many/wfg/wfg_7.go:42.44,46.25 3 0
github.com/nicholaspcr/gde3/pkg/problems/many/wfg/wfg_7.go:50.2,50.10 1 0
github.com/nicholaspcr/gde3/pkg/problems/many/wfg/wfg_7.go:46.25,49.3 2 0
github.com/nicholaspcr/gde3/pkg/problems/many/wfg/wfg_8.go:6.40,14.30 6 0
github.com/nicholaspcr/gde3/pkg/problems/many/wfg/wfg_8.go:18.3,26.30 7 0
github.com/nicholaspcr/gde3/pkg/problems/many/wfg/wfg_8.go:30.3,35.13 5 0
github.com/nicholaspcr/gde3/pkg/problems/many/wfg/wfg_8.go:14.30,16.4 1 0
github.com/nicholaspcr/gde3/pkg/problems/many/wfg/wfg_8.go:26.30,28.4 1 0
github.com/nicholaspcr/gde3/pkg/problems/many/wfg/wfg_8.go:44.47,48.25 4 0
github.com/nicholaspcr/gde3/pkg/problems/many/wfg/wfg_8.go:52.2,52.12 1 0
github.com/nicholaspcr/gde3/pkg/problems/many/wfg/wfg_8.go:48.25,51.3 2 0
github.com/nicholaspcr/gde3/pkg/problems/multi/vnt_1.go:13.40,14.20 1 0
github.com/nicholaspcr/gde3/pkg/problems/multi/vnt_1.go:18.3,34.13 12 0
github.com/nicholaspcr/gde3/pkg/problems/multi/vnt_1.go:14.20,16.4 1 0
github.com/nicholaspcr/gde3/pkg/problems/utils.go:13.53,42.29 4 0
github.com/nicholaspcr/gde3/pkg/problems/utils.go:48.2,48.16 1 0
github.com/nicholaspcr/gde3/pkg/problems/utils.go:42.29,43.16 1 0
github.com/nicholaspcr/gde3/pkg/problems/utils.go:43.16,45.9 2 0
github.com/nicholaspcr/gde3/pkg/cli/gde3/root.go:31.48,33.4 1 0
github.com/nicholaspcr/gde3/pkg/cli/gde3/root.go:37.13,51.2 3 1
github.com/nicholaspcr/gde3/pkg/cli/gde3/root.go:55.16,56.42 1 0
github.com/nicholaspcr/gde3/pkg/cli/gde3/root.go:56.42,59.3 2 0
github.com/nicholaspcr/gde3/pkg/cli/gde3/root.go:62.41,139.2 14 1
github.com/nicholaspcr/gde3/pkg/cli/gde3/script.go:19.47,21.25 2 0
github.com/nicholaspcr/gde3/pkg/cli/gde3/script.go:25.3,44.39 6 0
github.com/nicholaspcr/gde3/pkg/cli/gde3/script.go:21.25,23.4 1 0
github.com/nicholaspcr/gde3/pkg/cli/gde3/script.go:44.39,45.31 1 0
github.com/nicholaspcr/gde3/pkg/cli/gde3/script.go:45.31,46.43 1 0
github.com/nicholaspcr/gde3/pkg/cli/gde3/script.go:46.43,49.6 2 0
github.com/nicholaspcr/gde3/pkg/cli/gde3/script.go:50.10,52.5 1 0
github.com/nicholaspcr/gde3/pkg/variants/best_1.go:13.75,18.17 4 0
github.com/nicholaspcr/gde3/pkg/variants/best_1.go:22.3,26.30 4 0
github.com/nicholaspcr/gde3/pkg/variants/best_1.go:30.3,33.18 2 0
github.com/nicholaspcr/gde3/pkg/variants/best_1.go:18.17,20.4 1 0
github.com/nicholaspcr/gde3/pkg/variants/best_1.go:26.30,28.4 1 0
github.com/nicholaspcr/gde3/pkg/mode/utils.go:18.58,21.28 3 0
github.com/nicholaspcr/gde3/pkg/mode/utils.go:28.2,28.12 1 0
github.com/nicholaspcr/gde3/pkg/mode/utils.go:21.28,24.30 2 0
github.com/nicholaspcr/gde3/pkg/mode/utils.go:24.30,26.4 1 0
github.com/nicholaspcr/gde3/pkg/mode/utils.go:32.26,33.14 1 0
github.com/nicholaspcr/gde3/pkg/mode/utils.go:33.14,35.3 1 0
github.com/nicholaspcr/gde3/pkg/mode/utils.go:42.38,50.26 4 0
github.com/nicholaspcr/gde3/pkg/mode/utils.go:54.2,54.19 1 0
github.com/nicholaspcr/gde3/pkg/mode/utils.go:59.2,59.34 1 0
github.com/nicholaspcr/gde3/pkg/mode/utils.go:72.2,74.20 3 0
github.com/nicholaspcr/gde3/pkg/mode/utils.go:50.26,52.3 1 0
github.com/nicholaspcr/gde3/pkg/mode/utils.go:54.19,57.3 2 0
github.com/nicholaspcr/gde3/pkg/mode/utils.go:59.34,61.50 2 0
github.com/nicholaspcr/gde3/pkg/mode/utils.go:65.3,66.23 2 0
github.com/nicholaspcr/gde3/pkg/mode/utils.go:61.50,63.4 1 0
github.com/nicholaspcr/gde3/pkg/mode/utils.go:66.23,68.9 2 0
github.com/nicholaspcr/gde3/pkg/mode/utils.go:78.77,93.34 5 0
github.com/nicholaspcr/gde3/pkg/mode/utils.go:118.2,118.38 1 0
github.com/nicholaspcr/gde3/pkg/mode/utils.go:160.2,161.35 2 0
github.com/nicholaspcr/gde3/pkg/mode/utils.go:170.2,170.22 1 0
github.com/nicholaspcr/gde3/pkg/mode/utils.go:93.34,97.35 3 0
github.com/nicholaspcr/gde3/pkg/mode/utils.go:111.3,111.28 1 0
github.com/nicholaspcr/gde3/pkg/mode/utils.go:97.35,100.33 2 0
github.com/nicholaspcr/gde3/pkg/mode/utils.go:100.33,105.5 1 0
github.com/nicholaspcr/gde3/pkg/mode/utils.go:105.10,105.39 1 0
github.com/nicholaspcr/gde3/pkg/mode/utils.go:105.39,109.5 1 0
github.com/nicholaspcr/gde3/pkg/mode/utils.go:111.28,114.4 1 0
github.com/nicholaspcr/gde3/pkg/mode/utils.go:118.38,123.31 2 0
github.com/nicholaspcr/gde3/pkg/mode/utils.go:137.3,137.37 1 0
github.com/nicholaspcr/gde3/pkg/mode/utils.go:123.31,126.38 1 0
github.com/nicholaspcr/gde3/pkg/mode/utils.go:126.38,130.30 2 0
github.com/nicholaspcr/gde3/pkg/mode/utils.go:130.30,132.6 1 0
github.com/nicholaspcr/gde3/pkg/mode/utils.go:161.35,162.28 1 0
github.com/nicholaspcr/gde3/pkg/mode/utils.go:162.28,167.4 1 0
github.com/nicholaspcr/gde3/pkg/mode/utils.go:178.40,180.19 2 0
github.com/nicholaspcr/gde3/pkg/mode/utils.go:194.2,194.15 1 0
github.com/nicholaspcr/gde3/pkg/mode/utils.go:180.19,181.18 1 0
github.com/nicholaspcr/gde3/pkg/mode/utils.go:187.3,187.18 1 0
github.com/nicholaspcr/gde3/pkg/mode/utils.go:181.18,182.20 1 0
github.com/nicholaspcr/gde3/pkg/mode/utils.go:185.4,185.14 1 0
github.com/nicholaspcr/gde3/pkg/mode/utils.go:182.20,184.5 1 0
github.com/nicholaspcr/gde3/pkg/mode/utils.go:187.18,188.19 1 0
github.com/nicholaspcr/gde3/pkg/mode/utils.go:191.4,191.15 1 0
github.com/nicholaspcr/gde3/pkg/mode/utils.go:188.19,190.5 1 0
github.com/nicholaspcr/gde3/pkg/mode/utils.go:198.80,202.34 3 0
github.com/nicholaspcr/gde3/pkg/mode/utils.go:220.2,220.32 1 0
github.com/nicholaspcr/gde3/pkg/mode/utils.go:202.34,204.35 2 0
github.com/nicholaspcr/gde3/pkg/mode/utils.go:213.3,213.19 1 0
github.com/nicholaspcr/gde3/pkg/mode/utils.go:204.35,205.14 1 0
github.com/nicholaspcr/gde3/pkg/mode/utils.go:209.4,209.56 1 0
github.com/nicholaspcr/gde3/pkg/mode/utils.go:205.14,206.13 1 0
github.com/nicholaspcr/gde3/pkg/mode/utils.go:209.56,211.5 1 0
github.com/nicholaspcr/gde3/pkg/mode/utils.go:213.19,215.4 1 0
github.com/nicholaspcr/gde3/pkg/mode/utils.go:215.9,217.4 1 0
github.com/nicholaspcr/gde3/pkg/mode/utils.go:224.47,225.21 1 0
github.com/nicholaspcr/gde3/pkg/mode/utils.go:233.2,233.23 1 0
github.com/nicholaspcr/gde3/pkg/mode/utils.go:237.2,239.30 2 0
github.com/nicholaspcr/gde3/pkg/mode/utils.go:225.21,226.24 1 0
github.com/nicholaspcr/gde3/pkg/mode/utils.go:229.3,229.9 1 0
github.com/nicholaspcr/gde3/pkg/mode/utils.go:226.24,228.4 1 0
github.com/nicholaspcr/gde3/pkg/mode/utils.go:233.23,235.3 1 0
github.com/nicholaspcr/gde3/pkg/mode/utils.go:239.30,241.47 1 0
github.com/nicholaspcr/gde3/pkg/mode/utils.go:246.3,253.37 5 0
github.com/nicholaspcr/gde3/pkg/mode/utils.go:241.47,243.4 1 0
github.com/nicholaspcr/gde3/pkg/mode/utils.go:253.37,258.25 2 0
github.com/nicholaspcr/gde3/pkg/mode/utils.go:263.4,263.38 1 0
github.com/nicholaspcr/gde3/pkg/mode/utils.go:258.25,260.5 1 0
github.com/nicholaspcr/gde3/pkg/mode/utils.go:263.38,265.5 1 0
github.com/nicholaspcr/gde3/cmd/filter/main.go:32.13,35.32 2 0
github.com/nicholaspcr/gde3/cmd/filter/main.go:35.32,36.36 1 0
github.com/nicholaspcr/gde3/cmd/filter/main.go:36.36,40.41 3 0
github.com/nicholaspcr/gde3/cmd/filter/main.go:59.4,59.14 1 0
github.com/nicholaspcr/gde3/cmd/filter/main.go:64.4,66.21 2 0
github.com/nicholaspcr/gde3/cmd/filter/main.go:70.4,78.17 3 0
github.com/nicholaspcr/gde3/cmd/filter/main.go:80.4,80.18 1 0
github.com/nicholaspcr/gde3/cmd/filter/main.go:84.4,90.28 5 0
github.com/nicholaspcr/gde3/cmd/filter/main.go:94.4,95.18 2 0
github.com/nicholaspcr/gde3/cmd/filter/main.go:98.4,102.25 3 0
github.com/nicholaspcr/gde3/cmd/filter/main.go:116.4,117.18 2 0
github.com/nicholaspcr/gde3/cmd/filter/main.go:120.4,120.18 1 0
github.com/nicholaspcr/gde3/cmd/filter/main.go:40.41,50.15 3 0
github.com/nicholaspcr/gde3/cmd/filter/main.go:50.15,52.19 2 0
github.com/nicholaspcr/gde3/cmd/filter/main.go:53.6,54.30 2 0
github.com/nicholaspcr/gde3/cmd/filter/main.go:52.19,52.31 1 0
github.com/nicholaspcr/gde3/cmd/filter/main.go:59.14,62.5 2 0
github.com/nicholaspcr/gde3/cmd/filter/main.go:66.21,68.5 1 0
github.com/nicholaspcr/gde3/cmd/filter/main.go:78.17,78.30 1 0
github.com/nicholaspcr/gde3/cmd/filter/main.go:80.18,82.5 1 0
github.com/nicholaspcr/gde3/cmd/filter/main.go:90.28,93.5 2 0
github.com/nicholaspcr/gde3/cmd/filter/main.go:95.18,97.5 1 0
github.com/nicholaspcr/gde3/cmd/filter/main.go:102.25,111.37 3 0
github.com/nicholaspcr/gde3/cmd/filter/main.go:114.5,114.41 1 0
github.com/nicholaspcr/gde3/cmd/filter/main.go:111.37,113.6 1 0
github.com/nicholaspcr/gde3/cmd/filter/main.go:117.18,119.5 1 0
github.com/nicholaspcr/gde3/cmd/filter/main.go:125.68,139.28 8 0
github.com/nicholaspcr/gde3/cmd/filter/main.go:154.2,155.22 2 0
github.com/nicholaspcr/gde3/cmd/filter/main.go:139.28,140.32 1 0
github.com/nicholaspcr/gde3/cmd/filter/main.go:140.32,144.33 3 0
github.com/nicholaspcr/gde3/cmd/filter/main.go:150.4,150.28 1 0
github.com/nicholaspcr/gde3/cmd/filter/main.go:144.33,148.5 3 0
github.com/nicholaspcr/gde3/pkg/problems/multi/zdt_1.go:12.40,13.19 1 0
github.com/nicholaspcr/gde3/pkg/problems/multi/zdt_1.go:16.3,16.38 1 0
github.com/nicholaspcr/gde3/pkg/problems/multi/zdt_1.go:25.3,25.39 1 0
github.com/nicholaspcr/gde3/pkg/problems/multi/zdt_1.go:28.3,31.28 3 0
github.com/nicholaspcr/gde3/pkg/problems/multi/zdt_1.go:35.3,43.13 6 0
github.com/nicholaspcr/gde3/pkg/problems/multi/zdt_1.go:13.19,15.4 1 0
github.com/nicholaspcr/gde3/pkg/problems/multi/zdt_1.go:16.38,18.32 2 0
github.com/nicholaspcr/gde3/pkg/problems/multi/zdt_1.go:21.4,23.27 2 0
github.com/nicholaspcr/gde3/pkg/problems/multi/zdt_1.go:18.32,20.5 1 0
github.com/nicholaspcr/gde3/pkg/problems/multi/zdt_1.go:25.39,27.4 1 0
github.com/nicholaspcr/gde3/pkg/problems/multi/zdt_1.go:31.28,33.4 1 0
github.com/nicholaspcr/gde3/pkg/cli/gde3/mode.go:28.47,31.25 3 0
github.com/nicholaspcr/gde3/pkg/cli/gde3/mode.go:35.3,35.25 1 0
github.com/nicholaspcr/gde3/pkg/cli/gde3/mode.go:39.3,52.23 2 0
github.com/nicholaspcr/gde3/pkg/cli/gde3/mode.go:65.3,76.23 7 0
github.com/nicholaspcr/gde3/pkg/cli/gde3/mode.go:31.25,34.4 2 0
github.com/nicholaspcr/gde3/pkg/cli/gde3/mode.go:35.25,38.4 2 0
github.com/nicholaspcr/gde3/pkg/cli/gde3/mode.go:52.23,54.18 2 0
github.com/nicholaspcr/gde3/pkg/cli/gde3/mode.go:57.4,58.54 2 0
github.com/nicholaspcr/gde3/pkg/cli/gde3/mode.go:61.4,61.32 1 0
github.com/nicholaspcr/gde3/pkg/cli/gde3/mode.go:54.18,56.5 1 0
github.com/nicholaspcr/gde3/pkg/cli/gde3/mode.go:58.54,60.5 1 0
github.com/nicholaspcr/gde3/pkg/cli/gde3/mode.go:76.23,78.18 2 0
github.com/nicholaspcr/gde3/pkg/cli/gde3/mode.go:81.4,83.55 3 0
github.com/nicholaspcr/gde3/pkg/cli/gde3/mode.go:78.18,80.5 1 0
github.com/nicholaspcr/gde3/pkg/cli/gde3/mode.go:83.55,85.5 1 0
github.com/nicholaspcr/gde3/pkg/test/wfg/main.go:13.13,20.29 5 0
github.com/nicholaspcr/gde3/pkg/test/wfg/main.go:24.2,25.22 2 0
github.com/nicholaspcr/gde3/pkg/test/wfg/main.go:28.2,37.18 5 0
github.com/nicholaspcr/gde3/pkg/test/wfg/main.go:20.29,22.3 1 0
github.com/nicholaspcr/gde3/pkg/test/wfg/main.go:25.22,27.3 1 0
github.com/nicholaspcr/gde3/pkg/test/wfg/main.go:61.37,70.2 5 0
github.com/nicholaspcr/gde3/pkg/test/wfg/main.go:71.37,80.2 5 0
github.com/nicholaspcr/gde3/pkg/test/wfg/main.go:81.37,90.2 5 0
github.com/nicholaspcr/gde3/pkg/test/wfg/main.go:91.37,100.2 5 0
github.com/nicholaspcr/gde3/pkg/test/wfg/main.go:101.37,110.2 5 0
github.com/nicholaspcr/gde3/pkg/test/wfg/main.go:111.37,120.2 5 0
github.com/nicholaspcr/gde3/pkg/test/wfg/main.go:121.37,130.2 5 0
github.com/nicholaspcr/gde3/pkg/test/wfg/main.go:131.37,140.2 5 0
github.com/nicholaspcr/gde3/pkg/test/wfg/main.go:141.37,150.2 5 0
github.com/nicholaspcr/gde3/pkg/problems/models/element.go:11.28,21.2 6 0
github.com/nicholaspcr/gde3/pkg/problems/models/element.go:27.35,29.22 2 0
github.com/nicholaspcr/gde3/pkg/problems/models/element.go:32.2,32.12 1 0
github.com/nicholaspcr/gde3/pkg/problems/models/element.go:29.22,31.3 1 0
github.com/nicholaspcr/gde3/pkg/variants/pbest.go:13.75,18.17 4 0
github.com/nicholaspcr/gde3/pkg/variants/pbest.go:22.3,31.30 7 0
github.com/nicholaspcr/gde3/pkg/variants/pbest.go:35.3,38.18 2 0
github.com/nicholaspcr/gde3/pkg/variants/pbest.go:18.17,20.4 1 0
github.com/nicholaspcr/gde3/pkg/variants/pbest.go:31.30,33.4 1 0
github.com/nicholaspcr/gde3/pkg/variants/utils.go:10.55,11.17 1 0
github.com/nicholaspcr/gde3/pkg/variants/utils.go:14.2,14.37 1 0
github.com/nicholaspcr/gde3/pkg/variants/utils.go:23.2,23.12 1 0
github.com/nicholaspcr/gde3/pkg/variants/utils.go:11.17,13.3 1 0
github.com/nicholaspcr/gde3/pkg/variants/utils.go:14.37,15.29 1 0
github.com/nicholaspcr/gde3/pkg/variants/utils.go:15.29,18.27 3 0
github.com/nicholaspcr/gde3/pkg/variants/utils.go:18.27,20.5 1 0
github.com/nicholaspcr/gde3/pkg/variants/utils.go:27.46,37.29 3 0
github.com/nicholaspcr/gde3/pkg/variants/utils.go:42.2,42.20 1 0
github.com/nicholaspcr/gde3/pkg/variants/utils.go:37.29,38.16 1 0
github.com/nicholaspcr/gde3/pkg/variants/utils.go:38.16,40.4 1 0
github.com/nicholaspcr/gde3/pkg/variants/utils.go:46.35,56.2 2 0
github.com/nicholaspcr/gde3/pkg/variants/utils.go:59.37,66.2 1 0
github.com/nicholaspcr/gde3/pkg/problems/many/wfg/wfg_2.go:8.40,16.30 6 1
github.com/nicholaspcr/gde3/pkg/problems/many/wfg/wfg_2.go:20.3,28.32 7 1
github.com/nicholaspcr/gde3/pkg/problems/many/wfg/wfg_2.go:31.3,38.13 6 1
github.com/nicholaspcr/gde3/pkg/problems/many/wfg/wfg_2.go:16.30,18.4 1 1
github.com/nicholaspcr/gde3/pkg/problems/many/wfg/wfg_2.go:28.32,30.4 1 1
github.com/nicholaspcr/gde3/pkg/problems/many/wfg/wfg_2.go:48.47,56.23 6 1
github.com/nicholaspcr/gde3/pkg/problems/many/wfg/wfg_2.go:63.2,63.10 1 1
github.com/nicholaspcr/gde3/pkg/problems/many/wfg/wfg_2.go:56.23,62.3 4 1
github.com/nicholaspcr/gde3/pkg/problems/many/wfg/wfg_2.go:67.50,72.25 4 1
github.com/nicholaspcr/gde3/pkg/problems/many/wfg/wfg_2.go:75.2,77.10 2 1
github.com/nicholaspcr/gde3/pkg/problems/many/wfg/wfg_2.go:72.25,74.3 1 1
github.com/nicholaspcr/gde3/pkg/problems/many/wfg/wfg_7.go:6.40,14.30 6 1
github.com/nicholaspcr/gde3/pkg/problems/many/wfg/wfg_7.go:18.3,24.30 6 1
github.com/nicholaspcr/gde3/pkg/problems/many/wfg/wfg_7.go:28.3,33.13 5 1
github.com/nicholaspcr/gde3/pkg/problems/many/wfg/wfg_7.go:14.30,16.4 1 1
github.com/nicholaspcr/gde3/pkg/problems/many/wfg/wfg_7.go:24.30,26.4 1 1
github.com/nicholaspcr/gde3/pkg/problems/many/wfg/wfg_7.go:42.44,46.25 3 1
github.com/nicholaspcr/gde3/pkg/problems/many/wfg/wfg_7.go:50.2,50.10 1 1
github.com/nicholaspcr/gde3/pkg/problems/many/wfg/wfg_7.go:46.25,49.3 2 1
github.com/nicholaspcr/gde3/pkg/mode/gde3.go:21.3,32.28 5 0
github.com/nicholaspcr/gde3/pkg/mode/gde3.go:44.2,55.29 7 0
github.com/nicholaspcr/gde3/pkg/mode/gde3.go:124.2,125.24 2 0
github.com/nicholaspcr/gde3/pkg/mode/gde3.go:32.28,36.42 3 0
github.com/nicholaspcr/gde3/pkg/mode/gde3.go:36.42,37.24 1 0
github.com/nicholaspcr/gde3/pkg/mode/gde3.go:37.24,39.5 1 0
github.com/nicholaspcr/gde3/pkg/mode/gde3.go:55.29,59.40 2 0
github.com/nicholaspcr/gde3/pkg/mode/gde3.go:107.3,114.32 4 0
github.com/nicholaspcr/gde3/pkg/mode/gde3.go:59.40,80.31 6 0
github.com/nicholaspcr/gde3/pkg/mode/gde3.go:95.4,100.17 4 0
github.com/nicholaspcr/gde3/pkg/mode/gde3.go:80.31,82.51 2 0
github.com/nicholaspcr/gde3/pkg/mode/gde3.go:86.5,86.35 1 0
github.com/nicholaspcr/gde3/pkg/mode/gde3.go:89.5,89.34 1 0
github.com/nicholaspcr/gde3/pkg/mode/gde3.go:92.5,92.36 1 0
github.com/nicholaspcr/gde3/pkg/mode/gde3.go:82.51,84.6 1 0
github.com/nicholaspcr/gde3/pkg/mode/gde3.go:86.35,88.6 1 0
github.com/nicholaspcr/gde3/pkg/mode/gde3.go:89.34,91.6 1 0
github.com/nicholaspcr/gde3/pkg/mode/gde3.go:100.17,102.5 1 0
github.com/nicholaspcr/gde3/pkg/mode/gde3.go:102.10,102.53 1 0
github.com/nicholaspcr/gde3/pkg/mode/gde3.go:102.53,104.5 1 0
github.com/nicholaspcr/gde3/pkg/mode/gde3.go:114.32,115.31 1 0
github.com/nicholaspcr/gde3/pkg/mode/gde3.go:115.31,116.25 1 0
github.com/nicholaspcr/gde3/pkg/mode/gde3.go:116.25,118.6 1 0
github.com/nicholaspcr/gde3/pkg/mode/multiExec.go:25.3,29.29 3 0
github.com/nicholaspcr/gde3/pkg/mode/multiExec.go:33.2,44.36 5 0
github.com/nicholaspcr/gde3/pkg/mode/multiExec.go:75.2,77.12 2 0
github.com/nicholaspcr/gde3/pkg/mode/multiExec.go:83.2,87.28 4 0
github.com/nicholaspcr/gde3/pkg/mode/multiExec.go:103.2,104.29 2 0
github.com/nicholaspcr/gde3/pkg/mode/multiExec.go:107.2,111.16 3 0
github.com/nicholaspcr/gde3/pkg/mode/multiExec.go:116.2,123.31 6 0
github.com/nicholaspcr/gde3/pkg/mode/multiExec.go:130.2,131.22 2 0
github.com/nicholaspcr/gde3/pkg/mode/multiExec.go:29.29,31.3 1 0
github.com/nicholaspcr/gde3/pkg/mode/multiExec.go:44.36,55.13 7 0
github.com/nicholaspcr/gde3/pkg/mode/multiExec.go:55.13,59.17 2 0
github.com/nicholaspcr/gde3/pkg/mode/multiExec.go:61.4,61.17 1 0
github.com/nicholaspcr/gde3/pkg/mode/multiExec.go:63.4,71.5 1 0
github.com/nicholaspcr/gde3/pkg/mode/multiExec.go:59.17,59.29 1 0
github.com/nicholaspcr/gde3/pkg/mode/multiExec.go:61.17,61.30 1 0
github.com/nicholaspcr/gde3/pkg/mode/multiExec.go:77.12,81.3 3 0
github.com/nicholaspcr/gde3/pkg/mode/multiExec.go:87.28,97.31 5 0
github.com/nicholaspcr/gde3/pkg/mode/multiExec.go:97.31,99.4 1 0
github.com/nicholaspcr/gde3/pkg/mode/multiExec.go:104.29,106.3 1 0
github.com/nicholaspcr/gde3/pkg/mode/multiExec.go:111.16,113.3 1 0
github.com/nicholaspcr/gde3/pkg/mode/multiExec.go:123.31,124.27 1 0
github.com/nicholaspcr/gde3/pkg/mode/multiExec.go:124.27,125.24 1 0
github.com/nicholaspcr/gde3/pkg/mode/multiExec.go:125.24,127.5 1 0
github.com/nicholaspcr/gde3/pkg/problems/many/dtlz/dtlz_1.go:18.40,19.20 1 0
github.com/nicholaspcr/gde3/pkg/problems/many/dtlz/dtlz_1.go:23.3,23.38 1 0
github.com/nicholaspcr/gde3/pkg/problems/many/dtlz/dtlz_1.go:31.3,34.26 3 0
github.com/nicholaspcr/gde3/pkg/problems/many/dtlz/dtlz_1.go:46.3,49.13 3 0
github.com/nicholaspcr/gde3/pkg/problems/many/dtlz/dtlz_1.go:19.20,21.4 1 0
github.com/nicholaspcr/gde3/pkg/problems/many/dtlz/dtlz_1.go:23.38,25.24 2 0
github.com/nicholaspcr/gde3/pkg/problems/many/dtlz/dtlz_1.go:28.4,29.26 2 0
github.com/nicholaspcr/gde3/pkg/problems/many/dtlz/dtlz_1.go:25.24,27.5 1 0
github.com/nicholaspcr/gde3/pkg/problems/many/dtlz/dtlz_1.go:34.26,36.33 2 0
github.com/nicholaspcr/gde3/pkg/problems/many/dtlz/dtlz_1.go:39.4,39.14 1 0
github.com/nicholaspcr/gde3/pkg/problems/many/dtlz/dtlz_1.go:42.4,42.21 1 0
github.com/nicholaspcr/gde3/pkg/problems/many/dtlz/dtlz_1.go:36.33,38.5 1 0
github.com/nicholaspcr/gde3/pkg/problems/many/dtlz/dtlz_1.go:39.14,41.5 1 0
github.com/nicholaspcr/gde3/pkg/problems/multi/zdt_6.go:12.40,13.19 1 0
github.com/nicholaspcr/gde3/pkg/problems/multi/zdt_6.go:16.3,16.36 1 0
github.com/nicholaspcr/gde3/pkg/problems/multi/zdt_6.go:22.3,22.38 1 0
github.com/nicholaspcr/gde3/pkg/problems/multi/zdt_6.go:32.3,32.39 1 0
github.com/nicholaspcr/gde3/pkg/problems/multi/zdt_6.go:35.3,47.13 9 0
github.com/nicholaspcr/gde3/pkg/problems/multi/zdt_6.go:13.19,15.4 1 0
github.com/nicholaspcr/gde3/pkg/problems/multi/zdt_6.go:16.36,21.4 4 0
github.com/nicholaspcr/gde3/pkg/problems/multi/zdt_6.go:22.38,24.32 2 0
github.com/nicholaspcr/gde3/pkg/problems/multi/zdt_6.go:27.4,30.12 4 0
github.com/nicholaspcr/gde3/pkg/problems/multi/zdt_6.go:24.32,26.5 1 0
github.com/nicholaspcr/gde3/pkg/problems/multi/zdt_6.go:32.39,34.4 1 0
github.com/nicholaspcr/gde3/pkg/problems/many/wfg/wfg_1.go:8.40,16.30 6 1
github.com/nicholaspcr/gde3/pkg/problems/many/wfg/wfg_1.go:20.3,30.32 8 1
github.com/nicholaspcr/gde3/pkg/problems/many/wfg/wfg_1.go:33.3,42.13 6 1
github.com/nicholaspcr/gde3/pkg/problems/many/wfg/wfg_1.go:16.30,18.4 1 1
github.com/nicholaspcr/gde3/pkg/problems/many/wfg/wfg_1.go:30.32,32.4 1 1
github.com/nicholaspcr/gde3/pkg/problems/many/wfg/wfg_1.go:52.47,56.25 3 1
github.com/nicholaspcr/gde3/pkg/problems/many/wfg/wfg_1.go:59.2,59.10 1 1
github.com/nicholaspcr/gde3/pkg/problems/many/wfg/wfg_1.go:56.25,58.3 1 1
github.com/nicholaspcr/gde3/pkg/problems/many/wfg/wfg_1.go:63.47,67.25 3 1
github.com/nicholaspcr/gde3/pkg/problems/many/wfg/wfg_1.go:70.2,70.10 1 1
github.com/nicholaspcr/gde3/pkg/problems/many/wfg/wfg_1.go:67.25,69.3 1 1
github.com/nicholaspcr/gde3/pkg/problems/many/wfg/wfg_1.go:74.44,78.25 3 1
github.com/nicholaspcr/gde3/pkg/problems/many/wfg/wfg_1.go:82.2,82.10 1 1
github.com/nicholaspcr/gde3/pkg/problems/many/wfg/wfg_1.go:78.25,80.3 1 1
github.com/nicholaspcr/gde3/pkg/problems/many/wfg/wfg_1.go:85.50,93.25 6 1
github.com/nicholaspcr/gde3/pkg/problems/many/wfg/wfg_1.go:98.2,100.10 2 1
github.com/nicholaspcr/gde3/pkg/problems/many/wfg/wfg_1.go:93.25,97.3 3 1
github.com/nicholaspcr/gde3/pkg/variants/rand_2.go:12.75,17.17 4 0
github.com/nicholaspcr/gde3/pkg/variants/rand_2.go:21.3,23.30 3 0
github.com/nicholaspcr/gde3/pkg/variants/rand_2.go:26.3,29.18 2 0
github.com/nicholaspcr/gde3/pkg/variants/rand_2.go:17.17,19.4 1 0
github.com/nicholaspcr/gde3/pkg/variants/rand_2.go:23.30,25.4 1 0
github.com/nicholaspcr/gde3/pkg/problems/multi/vnt_1.go:13.40,14.20 1 0
github.com/nicholaspcr/gde3/pkg/problems/multi/vnt_1.go:18.3,34.13 12 0
github.com/nicholaspcr/gde3/pkg/problems/multi/vnt_1.go:14.20,16.4 1 0
github.com/nicholaspcr/gde3/pkg/problems/multi/zdt_4.go:12.40,13.19 1 0
github.com/nicholaspcr/gde3/pkg/problems/multi/zdt_4.go:16.3,16.38 1 0
github.com/nicholaspcr/gde3/pkg/problems/multi/zdt_4.go:24.3,24.39 1 0
github.com/nicholaspcr/gde3/pkg/problems/multi/zdt_4.go:28.3,39.13 8 0
github.com/nicholaspcr/gde3/pkg/problems/multi/zdt_4.go:13.19,15.4 1 0
github.com/nicholaspcr/gde3/pkg/problems/multi/zdt_4.go:16.38,18.32 2 0
github.com/nicholaspcr/gde3/pkg/problems/multi/zdt_4.go:21.4,22.28 2 0
github.com/nicholaspcr/gde3/pkg/problems/multi/zdt_4.go:18.32,20.5 1 0
github.com/nicholaspcr/gde3/pkg/problems/multi/zdt_4.go:24.39,26.4 1 0
github.com/nicholaspcr/gde3/pkg/variants/best_2.go:13.75,19.17 4 0
github.com/nicholaspcr/gde3/pkg/variants/best_2.go:23.3,28.30 4 0
github.com/nicholaspcr/gde3/pkg/variants/best_2.go:32.3,35.18 2 0
github.com/nicholaspcr/gde3/pkg/variants/best_2.go:19.17,21.4 1 0
github.com/nicholaspcr/gde3/pkg/variants/best_2.go:28.30,30.4 1 0
github.com/nicholaspcr/gde3/pkg/problems/many/dtlz/dtlz_3.go:12.40,13.20 1 0
github.com/nicholaspcr/gde3/pkg/problems/many/dtlz/dtlz_3.go:17.3,17.38 1 0
github.com/nicholaspcr/gde3/pkg/problems/many/dtlz/dtlz_3.go:26.3,29.26 3 0
github.com/nicholaspcr/gde3/pkg/problems/many/dtlz/dtlz_3.go:41.3,43.13 3 0
github.com/nicholaspcr/gde3/pkg/problems/many/dtlz/dtlz_3.go:13.20,15.4 1 0
github.com/nicholaspcr/gde3/pkg/problems/many/dtlz/dtlz_3.go:17.38,19.24 2 0
github.com/nicholaspcr/gde3/pkg/problems/many/dtlz/dtlz_3.go:22.4,23.26 2 0
github.com/nicholaspcr/gde3/pkg/problems/many/dtlz/dtlz_3.go:19.24,21.5 1 0
github.com/nicholaspcr/gde3/pkg/problems/many/dtlz/dtlz_3.go:29.26,31.33 2 0
github.com/nicholaspcr/gde3/pkg/problems/many/dtlz/dtlz_3.go:34.4,34.14 1 0
github.com/nicholaspcr/gde3/pkg/problems/many/dtlz/dtlz_3.go:37.4,37.18 1 0
github.com/nicholaspcr/gde3/pkg/problems/many/dtlz/dtlz_3.go:31.33,33.5 1 0
github.com/nicholaspcr/gde3/pkg/problems/many/dtlz/dtlz_3.go:34.14,36.5 1 0
github.com/nicholaspcr/gde3/pkg/problems/many/dtlz/dtlz_5.go:12.40,13.20 1 0
github.com/nicholaspcr/gde3/pkg/problems/many/dtlz/dtlz_5.go:17.3,19.38 3 0
github.com/nicholaspcr/gde3/pkg/problems/many/dtlz/dtlz_5.go:26.3,32.28 6 0
github.com/nicholaspcr/gde3/pkg/problems/many/dtlz/dtlz_5.go:36.3,36.26 1 0
github.com/nicholaspcr/gde3/pkg/problems/many/dtlz/dtlz_5.go:48.3,51.13 3 0
github.com/nicholaspcr/gde3/pkg/problems/many/dtlz/dtlz_5.go:13.20,15.4 1 0
github.com/nicholaspcr/gde3/pkg/problems/many/dtlz/dtlz_5.go:19.38,21.24 2 0
github.com/nicholaspcr/gde3/pkg/problems/many/dtlz/dtlz_5.go:24.4,24.12 1 0
github.com/nicholaspcr/gde3/pkg/problems/many/dtlz/dtlz_5.go:21.24,23.5 1 0
github.com/nicholaspcr/gde3/pkg/problems/many/dtlz/dtlz_5.go:32.28,34.4 1 0
github.com/nicholaspcr/gde3/pkg/problems/many/dtlz/dtlz_5.go:36.26,38.33 2 0
github.com/nicholaspcr/gde3/pkg/problems/many/dtlz/dtlz_5.go:41.4,41.14 1 0
github.com/nicholaspcr/gde3/pkg/problems/many/dtlz/dtlz_5.go:44.4,44.21 1 0
github.com/nicholaspcr/gde3/pkg/problems/many/dtlz/dtlz_5.go:38.33,40.5 1 0
github.com/nicholaspcr/gde3/pkg/problems/many/dtlz/dtlz_5.go:41.14,43.5 1 0
github.com/nicholaspcr/gde3/pkg/problems/multi/zdt_3.go:12.40,13.19 1 0
github.com/nicholaspcr/gde3/pkg/problems/multi/zdt_3.go:16.3,16.38 1 0
github.com/nicholaspcr/gde3/pkg/problems/multi/zdt_3.go:25.3,25.39 1 0
github.com/nicholaspcr/gde3/pkg/problems/multi/zdt_3.go:28.3,30.20 3 0
github.com/nicholaspcr/gde3/pkg/problems/multi/zdt_3.go:33.3,41.13 6 0
github.com/nicholaspcr/gde3/pkg/problems/multi/zdt_3.go:13.19,15.4 1 0
github.com/nicholaspcr/gde3/pkg/problems/multi/zdt_3.go:16.38,18.32 2 0
github.com/nicholaspcr/gde3/pkg/problems/multi/zdt_3.go:21.4,23.27 2 0
github.com/nicholaspcr/gde3/pkg/problems/multi/zdt_3.go:18.32,20.5 1 0
github.com/nicholaspcr/gde3/pkg/problems/multi/zdt_3.go:25.39,27.4 1 0
github.com/nicholaspcr/gde3/pkg/problems/multi/zdt_3.go:30.20,32.4 1 0
github.com/nicholaspcr/gde3/pkg/problems/many/wfg/wfg_4.go:8.40,16.30 6 1
github.com/nicholaspcr/gde3/pkg/problems/many/wfg/wfg_4.go:20.3,26.30 5 1
github.com/nicholaspcr/gde3/pkg/problems/many/wfg/wfg_4.go:30.3,35.13 5 1
github.com/nicholaspcr/gde3/pkg/problems/many/wfg/wfg_4.go:16.30,18.4 1 1
github.com/nicholaspcr/gde3/pkg/problems/many/wfg/wfg_4.go:26.30,28.4 1 1
github.com/nicholaspcr/gde3/pkg/problems/many/wfg/wfg_4.go:45.47,47.22 2 1
github.com/nicholaspcr/gde3/pkg/problems/many/wfg/wfg_4.go:50.2,50.12 1 1
github.com/nicholaspcr/gde3/pkg/problems/many/wfg/wfg_4.go:47.22,49.3 1 1
github.com/nicholaspcr/gde3/pkg/problems/many/wfg/wfg_4.go:54.47,61.25 5 1
github.com/nicholaspcr/gde3/pkg/problems/many/wfg/wfg_4.go:64.2,66.10 2 1
github.com/nicholaspcr/gde3/pkg/problems/many/wfg/wfg_4.go:61.25,63.3 1 1
github.com/nicholaspcr/gde3/pkg/variants/curr_to_best_1.go:12.75,17.17 4 0
github.com/nicholaspcr/gde3/pkg/variants/curr_to_best_1.go:21.3,27.30 5 0
github.com/nicholaspcr/gde3/pkg/variants/curr_to_best_1.go:31.3,34.18 2 0
github.com/nicholaspcr/gde3/pkg/variants/curr_to_best_1.go:17.17,19.4 1 0
github.com/nicholaspcr/gde3/pkg/variants/curr_to_best_1.go:27.30,29.4 1 0
github.com/nicholaspcr/gde3/pkg/writer/writer.go:30.37,34.2 1 0
github.com/nicholaspcr/gde3/pkg/writer/writer.go:37.47,39.33 2 0
github.com/nicholaspcr/gde3/pkg/writer/writer.go:39.33,41.54 2 0
github.com/nicholaspcr/gde3/pkg/writer/writer.go:41.54,43.18 2 0
github.com/nicholaspcr/gde3/pkg/writer/writer.go:43.18,46.5 2 0
github.com/nicholaspcr/gde3/pkg/writer/writer.go:52.44,55.26 3 0
github.com/nicholaspcr/gde3/pkg/writer/writer.go:59.2,60.16 2 0
github.com/nicholaspcr/gde3/pkg/writer/writer.go:63.2,64.12 2 0
github.com/nicholaspcr/gde3/pkg/writer/writer.go:55.26,58.3 2 0
github.com/nicholaspcr/gde3/pkg/writer/writer.go:60.16,62.3 1 0
github.com/nicholaspcr/gde3/pkg/writer/writer.go:67.39,71.18 3 0
github.com/nicholaspcr/gde3/pkg/writer/writer.go:75.2,75.47 1 0
github.com/nicholaspcr/gde3/pkg/writer/writer.go:84.2,84.20 1 0
github.com/nicholaspcr/gde3/pkg/writer/writer.go:71.18,74.3 2 0
github.com/nicholaspcr/gde3/pkg/writer/writer.go:75.47,77.15 2 0
github.com/nicholaspcr/gde3/pkg/writer/writer.go:77.15,80.4 2 0
github.com/nicholaspcr/gde3/pkg/writer/writer.go:80.9,82.4 1 0
github.com/nicholaspcr/gde3/pkg/writer/writer.go:88.60,89.21 1 0
github.com/nicholaspcr/gde3/pkg/writer/writer.go:94.2,97.28 3 0
github.com/nicholaspcr/gde3/pkg/writer/writer.go:107.2,108.16 2 0
github.com/nicholaspcr/gde3/pkg/writer/writer.go:112.2,113.12 2 0
github.com/nicholaspcr/gde3/pkg/writer/writer.go:89.21,91.3 1 0
github.com/nicholaspcr/gde3/pkg/writer/writer.go:97.28,102.29 3 0
github.com/nicholaspcr/gde3/pkg/writer/writer.go:102.29,104.4 1 0
github.com/nicholaspcr/gde3/pkg/writer/writer.go:108.16,110.3 1 0
github.com/nicholaspcr/gde3/pkg/writer/writer.go:116.63,117.21 1 0
github.com/nicholaspcr/gde3/pkg/writer/writer.go:122.2,125.28 3 0
github.com/nicholaspcr/gde3/pkg/writer/writer.go:135.2,136.16 2 0
github.com/nicholaspcr/gde3/pkg/writer/writer.go:140.2,141.12 2 0
github.com/nicholaspcr/gde3/pkg/writer/writer.go:117.21,119.3 1 0
github.com/nicholaspcr/gde3/pkg/writer/writer.go:125.28,130.28 3 0
github.com/nicholaspcr/gde3/pkg/writer/writer.go:130.28,132.4 1 0
github.com/nicholaspcr/gde3/pkg/writer/writer.go:136.16,138.3 1 0
github.com/nicholaspcr/gde3/pkg/problems/many/dtlz/dtlz_7.go:12.40,13.20 1 0
github.com/nicholaspcr/gde3/pkg/problems/many/dtlz/dtlz_7.go:16.3,21.35 4 0
github.com/nicholaspcr/gde3/pkg/problems/many/dtlz/dtlz_7.go:24.3,28.31 3 0
github.com/nicholaspcr/gde3/pkg/problems/many/dtlz/dtlz_7.go:31.3,35.23 3 0
github.com/nicholaspcr/gde3/pkg/problems/many/dtlz/dtlz_7.go:38.3,43.13 4 0
github.com/nicholaspcr/gde3/pkg/problems/many/dtlz/dtlz_7.go:13.20,15.4 1 0
github.com/nicholaspcr/gde3/pkg/problems/many/dtlz/dtlz_7.go:21.35,23.4 1 0
github.com/nicholaspcr/gde3/pkg/problems/many/dtlz/dtlz_7.go:28.31,30.4 1 0
github.com/nicholaspcr/gde3/pkg/problems/many/dtlz/dtlz_7.go:35.23,37.4 1 0
github.com/nicholaspcr/gde3/pkg/test/dtlz/main.go:13.13,19.29 5 0
github.com/nicholaspcr/gde3/pkg/test/dtlz/main.go:23.2,24.22 2 0
github.com/nicholaspcr/gde3/pkg/test/dtlz/main.go:27.2,38.19 11 0
github.com/nicholaspcr/gde3/pkg/test/dtlz/main.go:19.29,21.3 1 0
github.com/nicholaspcr/gde3/pkg/test/dtlz/main.go:24.22,26.3 1 0
github.com/nicholaspcr/gde3/pkg/test/dtlz/main.go:41.38,50.2 5 0
github.com/nicholaspcr/gde3/pkg/test/dtlz/main.go:51.38,60.2 5 0
github.com/nicholaspcr/gde3/pkg/test/dtlz/main.go:61.38,70.2 5 0
github.com/nicholaspcr/gde3/pkg/test/dtlz/main.go:71.38,80.2 5 0
github.com/nicholaspcr/gde3/pkg/test/dtlz/main.go:81.38,90.2 5 0
github.com/nicholaspcr/gde3/pkg/test/dtlz/main.go:91.38,100.2 5 0
github.com/nicholaspcr/gde3/pkg/test/dtlz/main.go:101.38,110.2 5 0
github.com/nicholaspcr/gde3/pkg/problems/many/wfg/utils.go:11.46,13.38 2 1
github.com/nicholaspcr/gde3/pkg/problems/many/wfg/utils.go:16.2,16.10 1 1
github.com/nicholaspcr/gde3/pkg/problems/many/wfg/utils.go:13.38,15.3 1 1
github.com/nicholaspcr/gde3/pkg/problems/many/wfg/utils.go:19.29,21.25 2 1
github.com/nicholaspcr/gde3/pkg/problems/many/wfg/utils.go:24.2,24.10 1 1
github.com/nicholaspcr/gde3/pkg/problems/many/wfg/utils.go:21.25,23.3 1 1
github.com/nicholaspcr/gde3/pkg/problems/many/wfg/utils.go:27.38,30.33 3 1
github.com/nicholaspcr/gde3/pkg/problems/many/wfg/utils.go:33.2,34.10 2 1
github.com/nicholaspcr/gde3/pkg/problems/many/wfg/utils.go:30.33,32.3 1 1
github.com/nicholaspcr/gde3/pkg/problems/many/wfg/utils.go:37.46,44.30 2 1
github.com/nicholaspcr/gde3/pkg/problems/many/wfg/utils.go:47.2,47.10 1 1
github.com/nicholaspcr/gde3/pkg/problems/many/wfg/utils.go:44.30,46.3 1 1
github.com/nicholaspcr/gde3/pkg/problems/many/wfg/utils.go:56.40,58.31 2 1
github.com/nicholaspcr/gde3/pkg/problems/many/wfg/utils.go:61.2,61.29 1 1
github.com/nicholaspcr/gde3/pkg/problems/many/wfg/utils.go:64.2,64.10 1 1
github.com/nicholaspcr/gde3/pkg/problems/many/wfg/utils.go:58.31,60.3 1 0
github.com/nicholaspcr/gde3/pkg/problems/many/wfg/utils.go:61.29,63.3 1 0
github.com/nicholaspcr/gde3/pkg/problems/many/wfg/utils.go:72.61,74.2 1 1
github.com/nicholaspcr/gde3/pkg/problems/many/wfg/utils.go:76.66,81.2 4 1
github.com/nicholaspcr/gde3/pkg/problems/many/wfg/utils.go:83.68,88.2 4 1
github.com/nicholaspcr/gde3/pkg/problems/many/wfg/utils.go:90.60,93.2 2 1
github.com/nicholaspcr/gde3/pkg/problems/many/wfg/utils.go:95.58,97.2 1 1
github.com/nicholaspcr/gde3/pkg/problems/many/wfg/utils.go:99.73,103.2 3 1
github.com/nicholaspcr/gde3/pkg/problems/many/wfg/utils.go:105.74,110.2 4 1
github.com/nicholaspcr/gde3/pkg/problems/many/wfg/utils.go:116.56,119.20 3 1
github.com/nicholaspcr/gde3/pkg/problems/many/wfg/utils.go:123.2,123.49 1 1
github.com/nicholaspcr/gde3/pkg/problems/many/wfg/utils.go:119.20,122.3 2 1
github.com/nicholaspcr/gde3/pkg/problems/many/wfg/utils.go:126.59,128.22 2 1
github.com/nicholaspcr/gde3/pkg/problems/many/wfg/utils.go:131.2,132.29 2 1
github.com/nicholaspcr/gde3/pkg/problems/many/wfg/utils.go:128.22,130.3 1 1
github.com/nicholaspcr/gde3/pkg/problems/many/wfg/utils.go:135.53,141.19 4 1
github.com/nicholaspcr/gde3/pkg/problems/many/wfg/utils.go:148.2,150.36 2 1
github.com/nicholaspcr/gde3/pkg/problems/many/wfg/utils.go:141.19,143.28 2 1
github.com/nicholaspcr/gde3/pkg/problems/many/wfg/utils.go:143.28,145.4 1 1
github.com/nicholaspcr/gde3/pkg/problems/many/wfg/utils.go:157.49,160.12 3 1
github.com/nicholaspcr/gde3/pkg/problems/many/wfg/utils.go:172.2,172.28 1 1
github.com/nicholaspcr/gde3/pkg/problems/many/wfg/utils.go:160.12,161.27 1 1
github.com/nicholaspcr/gde3/pkg/problems/many/wfg/utils.go:161.27,163.4 1 1
github.com/nicholaspcr/gde3/pkg/problems/many/wfg/utils.go:164.8,164.28 1 1
github.com/nicholaspcr/gde3/pkg/problems/many/wfg/utils.go:164.28,165.37 1 1
github.com/nicholaspcr/gde3/pkg/problems/many/wfg/utils.go:168.3,168.44 1 1
github.com/nicholaspcr/gde3/pkg/problems/many/wfg/utils.go:165.37,167.4 1 1
github.com/nicholaspcr/gde3/pkg/problems/many/wfg/utils.go:169.8,171.3 1 1
github.com/nicholaspcr/gde3/pkg/problems/many/wfg/utils.go:175.48,178.12 3 1
github.com/nicholaspcr/gde3/pkg/problems/many/wfg/utils.go:190.2,190.28 1 1
github.com/nicholaspcr/gde3/pkg/problems/many/wfg/utils.go:178.12,179.27 1 1
github.com/nicholaspcr/gde3/pkg/problems/many/wfg/utils.go:179.27,181.4 1 1
github.com/nicholaspcr/gde3/pkg/problems/many/wfg/utils.go:182.8,182.28 1 1
github.com/nicholaspcr/gde3/pkg/problems/many/wfg/utils.go:182.28,183.31 1 1
github.com/nicholaspcr/gde3/pkg/problems/many/wfg/utils.go:186.3,186.48 1 1
github.com/nicholaspcr/gde3/pkg/problems/many/wfg/utils.go:183.31,185.4 1 1
github.com/nicholaspcr/gde3/pkg/problems/many/wfg/utils.go:187.8,189.3 1 0
github.com/nicholaspcr/gde3/pkg/problems/many/wfg/utils.go:193.48,196.12 3 1
github.com/nicholaspcr/gde3/pkg/problems/many/wfg/utils.go:210.2,210.28 1 1
github.com/nicholaspcr/gde3/pkg/problems/many/wfg/utils.go:196.12,198.23 1 1
github.com/nicholaspcr/gde3/pkg/problems/many/wfg/utils.go:198.23,200.4 1 1
github.com/nicholaspcr/gde3/pkg/problems/many/wfg/utils.go:201.8,201.28 1 1
github.com/nicholaspcr/gde3/pkg/problems/many/wfg/utils.go:201.28,203.31 1 1
github.com/nicholaspcr/gde3/pkg/problems/many/wfg/utils.go:206.3,206.24 1 1
github.com/nicholaspcr/gde3/pkg/problems/many/wfg/utils.go:203.31,205.4 1 1
github.com/nicholaspcr/gde3/pkg/problems/many/wfg/utils.go:207.8,209.3 1 1
github.com/nicholaspcr/gde3/pkg/problems/many/wfg/utils.go:213.48,217.2 3 1
github.com/nicholaspcr/gde3/pkg/problems/many/wfg/utils.go:219.61,222.2 2 1
github.com/nicholaspcr/gde3/pkg/variants/rand_1.go:12.75,13.21 1 0
github.com/nicholaspcr/gde3/pkg/variants/rand_1.go:18.3,21.17 4 0
github.com/nicholaspcr/gde3/pkg/variants/rand_1.go:25.3,29.30 4 0
github.com/nicholaspcr/gde3/pkg/variants/rand_1.go:32.3,32.21 1 0
github.com/nicholaspcr/gde3/pkg/variants/rand_1.go:13.21,15.4 1 0
github.com/nicholaspcr/gde3/pkg/variants/rand_1.go:21.17,23.4 1 0
github.com/nicholaspcr/gde3/pkg/variants/rand_1.go:29.30,31.4 1 0
github.com/nicholaspcr/gde3/pkg/problems/many/dtlz/dtlz_6.go:12.40,13.20 1 0
github.com/nicholaspcr/gde3/pkg/problems/many/dtlz/dtlz_6.go:17.3,17.38 1 0
github.com/nicholaspcr/gde3/pkg/problems/many/dtlz/dtlz_6.go:24.3,31.28 6 0
github.com/nicholaspcr/gde3/pkg/problems/many/dtlz/dtlz_6.go:35.3,35.26 1 0
github.com/nicholaspcr/gde3/pkg/problems/many/dtlz/dtlz_6.go:49.3,51.13 3 0
github.com/nicholaspcr/gde3/pkg/problems/many/dtlz/dtlz_6.go:13.20,15.4 1 0
github.com/nicholaspcr/gde3/pkg/problems/many/dtlz/dtlz_6.go:17.38,19.24 2 0
github.com/nicholaspcr/gde3/pkg/problems/many/dtlz/dtlz_6.go:22.4,22.12 1 0
github.com/nicholaspcr/gde3/pkg/problems/many/dtlz/dtlz_6.go:19.24,21.5 1 0
github.com/nicholaspcr/gde3/pkg/problems/many/dtlz/dtlz_6.go:31.28,33.4 1 0
github.com/nicholaspcr/gde3/pkg/problems/many/dtlz/dtlz_6.go:35.26,37.33 2 0
github.com/nicholaspcr/gde3/pkg/problems/many/dtlz/dtlz_6.go:40.4,40.14 1 0
github.com/nicholaspcr/gde3/pkg/problems/many/dtlz/dtlz_6.go:45.4,45.18 1 0
github.com/nicholaspcr/gde3/pkg/problems/many/dtlz/dtlz_6.go:37.33,39.5 1 0
github.com/nicholaspcr/gde3/pkg/problems/many/dtlz/dtlz_6.go:40.14,43.5 2 0
github.com/nicholaspcr/gde3/cmd/gde3/main.go:22.13,24.2 1 0
github.com/nicholaspcr/gde3/pkg/problems/many/wfg/wfg_9.go:8.40,16.30 6 1
github.com/nicholaspcr/gde3/pkg/problems/many/wfg/wfg_9.go:20.3,26.30 6 1
github.com/nicholaspcr/gde3/pkg/problems/many/wfg/wfg_9.go:30.3,35.13 5 1
github.com/nicholaspcr/gde3/pkg/problems/many/wfg/wfg_9.go:16.30,18.4 1 1
github.com/nicholaspcr/gde3/pkg/problems/many/wfg/wfg_9.go:26.30,28.4 1 1
github.com/nicholaspcr/gde3/pkg/problems/many/wfg/wfg_9.go:44.44,48.27 4 1
github.com/nicholaspcr/gde3/pkg/problems/many/wfg/wfg_9.go:52.2,52.12 1 1
github.com/nicholaspcr/gde3/pkg/problems/many/wfg/wfg_9.go:48.27,51.3 2 1
github.com/nicholaspcr/gde3/pkg/problems/many/wfg/wfg_9.go:55.47,60.25 4 1
github.com/nicholaspcr/gde3/pkg/problems/many/wfg/wfg_9.go:63.2,63.25 1 1
github.com/nicholaspcr/gde3/pkg/problems/many/wfg/wfg_9.go:67.2,71.12 4 1
github.com/nicholaspcr/gde3/pkg/problems/many/wfg/wfg_9.go:60.25,62.3 1 1
github.com/nicholaspcr/gde3/pkg/problems/many/wfg/wfg_9.go:63.25,65.3 1 1
github.com/nicholaspcr/gde3/pkg/problems/many/wfg/wfg_9.go:74.50,78.25 3 1
github.com/nicholaspcr/gde3/pkg/problems/many/wfg/wfg_9.go:81.2,83.12 2 1
github.com/nicholaspcr/gde3/pkg/problems/many/wfg/wfg_9.go:78.25,80.3 1 1
github.com/nicholaspcr/gde3/pkg/problems/many/dtlz/dtlz_4.go:12.40,13.20 1 0
github.com/nicholaspcr/gde3/pkg/problems/many/dtlz/dtlz_4.go:16.3,18.38 3 0
github.com/nicholaspcr/gde3/pkg/problems/many/dtlz/dtlz_4.go:25.3,28.26 3 0
github.com/nicholaspcr/gde3/pkg/problems/many/dtlz/dtlz_4.go:40.3,43.13 3 0
github.com/nicholaspcr/gde3/pkg/problems/many/dtlz/dtlz_4.go:13.20,15.4 1 0
github.com/nicholaspcr/gde3/pkg/problems/many/dtlz/dtlz_4.go:18.38,20.24 2 0
github.com/nicholaspcr/gde3/pkg/problems/many/dtlz/dtlz_4.go:23.4,23.12 1 0
github.com/nicholaspcr/gde3/pkg/problems/many/dtlz/dtlz_4.go:20.24,22.5 1 0
github.com/nicholaspcr/gde3/pkg/problems/many/dtlz/dtlz_4.go:28.26,30.33 2 0
github.com/nicholaspcr/gde3/pkg/problems/many/dtlz/dtlz_4.go:33.4,33.14 1 0
github.com/nicholaspcr/gde3/pkg/problems/many/dtlz/dtlz_4.go:36.4,36.21 1 0
github.com/nicholaspcr/gde3/pkg/problems/many/dtlz/dtlz_4.go:30.33,32.5 1 0
github.com/nicholaspcr/gde3/pkg/problems/many/dtlz/dtlz_4.go:33.14,35.5 1 0
github.com/nicholaspcr/gde3/pkg/problems/many/wfg/wfg_3.go:8.40,16.30 6 1
github.com/nicholaspcr/gde3/pkg/problems/many/wfg/wfg_3.go:20.3,26.31 5 1
github.com/nicholaspcr/gde3/pkg/problems/many/wfg/wfg_3.go:29.3,32.30 3 1
github.com/nicholaspcr/gde3/pkg/problems/many/wfg/wfg_3.go:36.3,41.13 5 1
github.com/nicholaspcr/gde3/pkg/problems/many/wfg/wfg_3.go:16.30,18.4 1 1
github.com/nicholaspcr/gde3/pkg/problems/many/wfg/wfg_3.go:26.31,28.4 1 1
github.com/nicholaspcr/gde3/pkg/problems/many/wfg/wfg_3.go:32.30,34.4 1 1
github.com/nicholaspcr/gde3/pkg/problems/many/wfg/wfg_6.go:6.40,14.30 6 1
github.com/nicholaspcr/gde3/pkg/problems/many/wfg/wfg_6.go:18.3,23.30 5 1
github.com/nicholaspcr/gde3/pkg/problems/many/wfg/wfg_6.go:27.3,32.13 5 1
github.com/nicholaspcr/gde3/pkg/problems/many/wfg/wfg_6.go:14.30,16.4 1 1
github.com/nicholaspcr/gde3/pkg/problems/many/wfg/wfg_6.go:23.30,25.4 1 1
github.com/nicholaspcr/gde3/pkg/problems/many/wfg/wfg_6.go:41.50,44.25 3 1
github.com/nicholaspcr/gde3/pkg/problems/many/wfg/wfg_6.go:47.2,48.12 2 1
github.com/nicholaspcr/gde3/pkg/problems/many/wfg/wfg_6.go:44.25,46.3 1 1
github.com/nicholaspcr/gde3/pkg/problems/many/wfg/wfg_5.go:6.40,14.30 6 1
github.com/nicholaspcr/gde3/pkg/problems/many/wfg/wfg_5.go:18.3,23.30 5 1
github.com/nicholaspcr/gde3/pkg/problems/many/wfg/wfg_5.go:27.3,32.13 5 1
github.com/nicholaspcr/gde3/pkg/problems/many/wfg/wfg_5.go:14.30,16.4 1 1
github.com/nicholaspcr/gde3/pkg/problems/many/wfg/wfg_5.go:23.30,25.4 1 1
github.com/nicholaspcr/gde3/pkg/problems/many/wfg/wfg_5.go:42.37,45.22 2 1
github.com/nicholaspcr/gde3/pkg/problems/many/wfg/wfg_5.go:48.2,48.12 1 1
github.com/nicholaspcr/gde3/pkg/problems/many/wfg/wfg_5.go:45.22,47.3 1 1
github.com/nicholaspcr/gde3/pkg/problems/many/wfg/wfg_8.go:6.40,14.30 6 1
github.com/nicholaspcr/gde3/pkg/problems/many/wfg/wfg_8.go:18.3,26.30 7 1
github.com/nicholaspcr/gde3/pkg/problems/many/wfg/wfg_8.go:30.3,35.13 5 1
github.com/nicholaspcr/gde3/pkg/problems/many/wfg/wfg_8.go:14.30,16.4 1 1
github.com/nicholaspcr/gde3/pkg/problems/many/wfg/wfg_8.go:26.30,28.4 1 1
github.com/nicholaspcr/gde3/pkg/problems/many/wfg/wfg_8.go:44.47,48.25 4 1
github.com/nicholaspcr/gde3/pkg/problems/many/wfg/wfg_8.go:52.2,52.12 1 1
github.com/nicholaspcr/gde3/pkg/problems/many/wfg/wfg_8.go:48.25,51.3 2 1
github.com/nicholaspcr/gde3/pkg/problems/many/dtlz/dtlz_2.go:12.40,13.20 1 0
github.com/nicholaspcr/gde3/pkg/problems/many/dtlz/dtlz_2.go:17.3,19.38 3 0
github.com/nicholaspcr/gde3/pkg/problems/many/dtlz/dtlz_2.go:26.3,29.26 3 0
github.com/nicholaspcr/gde3/pkg/problems/many/dtlz/dtlz_2.go:41.3,44.13 3 0
github.com/nicholaspcr/gde3/pkg/problems/many/dtlz/dtlz_2.go:13.20,15.4 1 0
github.com/nicholaspcr/gde3/pkg/problems/many/dtlz/dtlz_2.go:19.38,21.24 2 0
github.com/nicholaspcr/gde3/pkg/problems/many/dtlz/dtlz_2.go:24.4,24.12 1 0
github.com/nicholaspcr/gde3/pkg/problems/many/dtlz/dtlz_2.go:21.24,23.5 1 0
github.com/nicholaspcr/gde3/pkg/problems/many/dtlz/dtlz_2.go:29.26,31.33 2 0
github.com/nicholaspcr/gde3/pkg/problems/many/dtlz/dtlz_2.go:34.4,34.14 1 0
github.com/nicholaspcr/gde3/pkg/problems/many/dtlz/dtlz_2.go:37.4,37.21 1 0
github.com/nicholaspcr/gde3/pkg/problems/many/dtlz/dtlz_2.go:31.33,33.5 1 0
github.com/nicholaspcr/gde3/pkg/problems/many/dtlz/dtlz_2.go:34.14,36.5 1 0
github.com/nicholaspcr/gde3/pkg/problems/multi/zdt_2.go:12.40,13.19 1 0
github.com/nicholaspcr/gde3/pkg/problems/multi/zdt_2.go:16.3,16.38 1 0
github.com/nicholaspcr/gde3/pkg/problems/multi/zdt_2.go:25.3,25.39 1 0
github.com/nicholaspcr/gde3/pkg/problems/multi/zdt_2.go:28.3,39.13 8 0
github.com/nicholaspcr/gde3/pkg/problems/multi/zdt_2.go:13.19,15.4 1 0
github.com/nicholaspcr/gde3/pkg/problems/multi/zdt_2.go:16.38,18.32 2 0
github.com/nicholaspcr/gde3/pkg/problems/multi/zdt_2.go:21.4,23.27 2 0
github.com/nicholaspcr/gde3/pkg/problems/multi/zdt_2.go:18.32,20.5 1 0
github.com/nicholaspcr/gde3/pkg/problems/multi/zdt_2.go:25.39,27.4 1 0
github.com/nicholaspcr/gde3/pkg/problems/utils.go:13.53,42.29 4 0
github.com/nicholaspcr/gde3/pkg/problems/utils.go:48.2,48.16 1 0
github.com/nicholaspcr/gde3/pkg/problems/utils.go:42.29,43.16 1 0
github.com/nicholaspcr/gde3/pkg/problems/utils.go:43.16,45.9 2 0
